2025-06-17 12:40:40,908 - INFO - Mitarbeiterdaten erfolgreich geladen
2025-06-17 12:40:40,909 - INFO - Mitarbeiterdaten erfolgreich geladen
2025-06-17 12:40:40,910 - INFO - Verfügbare Mitarbeiter: 6
2025-06-17 12:40:40,910 - INFO - Nächste Zuteilung: Clara Meyer (MA05) mit Score 0.80
2025-06-17 12:40:46,265 - INFO - Mitarbeiterdaten erfolgreich geladen
2025-06-17 12:40:46,269 - INFO - Mitarbeiterdaten erfolgreich geladen
2025-06-17 12:40:46,270 - INFO - Verfügbare Mitarbeiter: 6
2025-06-17 12:40:46,271 - INFO - Nächste Zuteilung: Clara Meyer (MA05) mit Score 0.80
2025-06-17 12:41:00,941 - INFO - Mitarbeiterdaten erfolgreich geladen
2025-06-17 12:41:00,950 - INFO - Mitarbeiterdaten erfolgreich geladen
2025-06-17 12:41:00,952 - INFO - Verfügbare Mitarbeiter: 6
2025-06-17 12:52:38,045 - INFO - Mitarbeiterdaten erfolgreich geladen
2025-06-17 12:52:38,052 - INFO - Mitarbeiterdaten erfolgreich geladen
2025-06-17 12:52:38,053 - INFO - Verfügbare Mitarbeiter: 6
2025-06-17 12:52:40,483 - INFO - Mitarbeiterdaten erfolgreich geladen
2025-06-17 12:52:40,493 - INFO - Mitarbeiterdaten erfolgreich geladen
2025-06-17 12:52:40,494 - INFO - Verfügbare Mitarbeiter: 6
2025-06-17 12:52:44,043 - INFO - Mitarbeiterdaten erfolgreich geladen
2025-06-17 12:52:44,051 - INFO - Mitarbeiterdaten erfolgreich geladen
2025-06-17 12:52:44,053 - INFO - Verfügbare Mitarbeiter: 6
2025-06-17 12:52:56,956 - INFO - Mitarbeiterdaten erfolgreich geladen
2025-06-17 12:52:56,964 - INFO - Mitarbeiterdaten erfolgreich geladen
2025-06-17 12:52:56,966 - INFO - Verfügbare Mitarbeiter: 6
2025-06-17 12:52:58,882 - INFO - Mitarbeiterdaten erfolgreich geladen
2025-06-17 12:52:58,890 - INFO - Mitarbeiterdaten erfolgreich geladen
2025-06-17 12:52:58,891 - INFO - Verfügbare Mitarbeiter: 6
2025-06-17 12:53:25,285 - INFO - Mitarbeiterdaten erfolgreich geladen
2025-06-17 12:53:25,294 - INFO - Mitarbeiterdaten erfolgreich geladen
2025-06-17 12:53:25,296 - INFO - Verfügbare Mitarbeiter: 6
2025-06-17 12:53:27,344 - INFO - Mitarbeiterdaten erfolgreich geladen
2025-06-17 12:53:27,347 - INFO - Mitarbeiterdaten erfolgreich geladen
2025-06-17 12:53:27,349 - INFO - Verfügbare Mitarbeiter: 6
2025-06-17 12:53:27,349 - INFO - Nächste Zuteilung: Dr. Lisa Müller (MA03) mit Score 0.70
2025-06-17 12:53:38,243 - INFO - Mitarbeiterdaten erfolgreich geladen
2025-06-17 12:53:38,246 - INFO - Mitarbeiterdaten erfolgreich geladen
2025-06-17 12:53:38,247 - INFO - Verfügbare Mitarbeiter: 6
2025-06-17 12:53:38,248 - INFO - Nächste Zuteilung: Dr. Anna Schmidt (MA01) mit Score 0.60
2025-06-17 12:53:38,295 - INFO - Mitarbeiterdaten erfolgreich geladen
2025-06-17 12:53:38,296 - INFO - Mitarbeiterdaten erfolgreich geladen
2025-06-17 12:53:38,297 - INFO - Verfügbare Mitarbeiter: 6
2025-06-17 12:53:38,297 - INFO - Nächste Zuteilung: Dr. Thomas Klein (MA04) mit Score 0.48
2025-06-17 12:53:53,140 - INFO - Mitarbeiterdaten erfolgreich geladen
2025-06-17 12:53:53,143 - INFO - Mitarbeiterdaten erfolgreich geladen
2025-06-17 12:53:53,144 - INFO - Verfügbare Mitarbeiter: 6
2025-06-17 12:53:53,145 - INFO - Nächste Zuteilung: Dr. Max Weber (MA02) mit Score 0.40
2025-06-17 12:53:53,187 - INFO - Mitarbeiterdaten erfolgreich geladen
2025-06-17 12:53:53,189 - INFO - Mitarbeiterdaten erfolgreich geladen
2025-06-17 12:53:53,189 - INFO - Verfügbare Mitarbeiter: 6
2025-06-17 12:53:53,189 - INFO - Alle Mitarbeiter wurden zugewiesen, Liste wird zurückgesetzt
2025-06-17 12:53:53,189 - INFO - Nächste Zuteilung: Clara Meyer (MA05) mit Score 0.80
2025-06-17 12:55:01,640 - INFO - Mitarbeiterdaten erfolgreich geladen
2025-06-17 12:55:01,647 - INFO - Mitarbeiterdaten erfolgreich geladen
2025-06-17 12:55:01,648 - INFO - Verfügbare Mitarbeiter: 6
2025-06-17 12:55:16,611 - INFO - Mitarbeiterdaten erfolgreich geladen
2025-06-17 12:55:16,619 - INFO - Mitarbeiterdaten erfolgreich geladen
2025-06-17 12:55:16,621 - INFO - Verfügbare Mitarbeiter: 6
2025-06-17 12:56:29,274 - INFO - Mitarbeiterdaten erfolgreich geladen
2025-06-17 12:56:29,278 - INFO - Mitarbeiterdaten erfolgreich geladen
2025-06-17 12:56:29,280 - INFO - Verfügbare Mitarbeiter: 6
2025-06-17 12:56:29,281 - INFO - Nächste Zuteilung: Dr. Lisa Müller (MA03) mit Score 0.70
2025-06-17 12:57:20,592 - INFO - Mitarbeiterdaten erfolgreich geladen
2025-06-17 12:57:20,595 - INFO - Mitarbeiterdaten erfolgreich geladen
2025-06-17 12:57:20,596 - INFO - Verfügbare Mitarbeiter: 6
2025-06-17 12:57:20,596 - INFO - Nächste Zuteilung: Dr. Anna Schmidt (MA01) mit Score 0.60
2025-06-17 12:57:20,642 - INFO - Mitarbeiterdaten erfolgreich geladen
2025-06-17 12:57:20,644 - INFO - Mitarbeiterdaten erfolgreich geladen
2025-06-17 12:57:20,647 - INFO - Verfügbare Mitarbeiter: 6
2025-06-17 12:57:20,647 - INFO - Nächste Zuteilung: Dr. Thomas Klein (MA04) mit Score 0.48
2025-06-17 12:58:55,755 - INFO - Mitarbeiterdaten erfolgreich geladen
2025-06-17 12:58:55,763 - INFO - Mitarbeiterdaten erfolgreich geladen
2025-06-17 12:58:55,764 - INFO - Verfügbare Mitarbeiter: 6
2025-06-17 17:15:39,147 - INFO - Mitarbeiterdaten erfolgreich geladen
2025-06-17 17:15:39,148 - INFO - Mitarbeiterdaten erfolgreich geladen
2025-06-17 17:15:39,149 - INFO - Verfügbare Mitarbeiter: 6
2025-06-17 17:15:39,150 - INFO - Nächste Zuteilung: Clara Meyer (MA05) mit Score 0.80
2025-06-17 17:15:43,394 - INFO - Mitarbeiterdaten erfolgreich geladen
2025-06-17 17:15:43,397 - INFO - Mitarbeiterdaten erfolgreich geladen
2025-06-17 17:15:43,398 - INFO - Verfügbare Mitarbeiter: 6
2025-06-17 17:15:43,398 - INFO - Nächste Zuteilung: Clara Meyer (MA05) mit Score 0.80
2025-06-17 17:15:49,345 - INFO - Mitarbeiterdaten erfolgreich geladen
2025-06-17 17:15:49,353 - INFO - Mitarbeiterdaten erfolgreich geladen
2025-06-17 17:15:49,355 - INFO - Verfügbare Mitarbeiter: 6
2025-06-17 17:15:53,997 - INFO - Mitarbeiterdaten erfolgreich geladen
2025-06-17 17:15:54,005 - INFO - Mitarbeiterdaten erfolgreich geladen
2025-06-17 17:15:54,006 - INFO - Verfügbare Mitarbeiter: 6
2025-06-17 17:16:04,662 - INFO - Mitarbeiterdaten erfolgreich geladen
2025-06-17 17:16:04,670 - INFO - Mitarbeiterdaten erfolgreich geladen
2025-06-17 17:16:04,671 - INFO - Verfügbare Mitarbeiter: 6
2025-06-17 17:16:12,690 - INFO - Mitarbeiterdaten erfolgreich geladen
2025-06-17 17:16:12,697 - INFO - Mitarbeiterdaten erfolgreich geladen
2025-06-17 17:16:12,697 - INFO - Verfügbare Mitarbeiter: 6
2025-06-17 17:16:28,268 - INFO - Mitarbeiterdaten erfolgreich geladen
2025-06-17 17:16:28,277 - INFO - Mitarbeiterdaten erfolgreich geladen
2025-06-17 17:16:28,278 - INFO - Verfügbare Mitarbeiter: 6
2025-06-17 17:16:29,823 - INFO - Mitarbeiterdaten erfolgreich geladen
2025-06-17 17:16:29,830 - INFO - Mitarbeiterdaten erfolgreich geladen
2025-06-17 17:16:29,832 - INFO - Verfügbare Mitarbeiter: 6
2025-06-17 17:16:36,854 - INFO - Mitarbeiterdaten erfolgreich geladen
2025-06-17 17:16:36,858 - INFO - Mitarbeiterdaten erfolgreich geladen
2025-06-17 17:16:36,859 - INFO - Verfügbare Mitarbeiter: 6
2025-06-17 17:16:36,859 - INFO - Nächste Zuteilung: Dr. Lisa Müller (MA03) mit Score 0.70
2025-06-17 17:16:45,363 - INFO - Mitarbeiterdaten erfolgreich geladen
2025-06-17 17:16:45,367 - INFO - Mitarbeiterdaten erfolgreich geladen
2025-06-17 17:16:45,368 - INFO - Verfügbare Mitarbeiter: 6
2025-06-17 17:16:45,369 - INFO - Nächste Zuteilung: Dr. Anna Schmidt (MA01) mit Score 0.60
2025-06-17 17:16:45,406 - INFO - Mitarbeiterdaten erfolgreich geladen
2025-06-17 17:16:45,408 - INFO - Mitarbeiterdaten erfolgreich geladen
2025-06-17 17:16:45,408 - INFO - Verfügbare Mitarbeiter: 6
2025-06-17 17:16:45,409 - INFO - Nächste Zuteilung: Dr. Thomas Klein (MA04) mit Score 0.48
2025-06-17 17:16:47,777 - INFO - Mitarbeiterdaten erfolgreich geladen
2025-06-17 17:16:47,780 - INFO - Mitarbeiterdaten erfolgreich geladen
2025-06-17 17:16:47,781 - INFO - Verfügbare Mitarbeiter: 6
2025-06-17 17:16:47,782 - INFO - Nächste Zuteilung: Dr. Max Weber (MA02) mit Score 0.40
2025-06-17 17:16:47,824 - INFO - Mitarbeiterdaten erfolgreich geladen
2025-06-17 17:16:47,826 - INFO - Mitarbeiterdaten erfolgreich geladen
2025-06-17 17:16:47,826 - INFO - Verfügbare Mitarbeiter: 6
2025-06-17 17:16:47,827 - INFO - Alle Mitarbeiter wurden zugewiesen, Liste wird zurückgesetzt
2025-06-17 17:16:47,827 - INFO - Nächste Zuteilung: Clara Meyer (MA05) mit Score 0.80
2025-06-17 17:16:50,397 - INFO - Mitarbeiterdaten erfolgreich geladen
2025-06-17 17:16:50,401 - INFO - Mitarbeiterdaten erfolgreich geladen
2025-06-17 17:16:50,402 - INFO - Verfügbare Mitarbeiter: 6
2025-06-17 17:16:50,403 - INFO - Nächste Zuteilung: Dr. Lisa Müller (MA03) mit Score 0.70
2025-06-17 17:16:50,449 - INFO - Mitarbeiterdaten erfolgreich geladen
2025-06-17 17:16:50,451 - INFO - Mitarbeiterdaten erfolgreich geladen
2025-06-17 17:16:50,451 - INFO - Verfügbare Mitarbeiter: 6
2025-06-17 17:16:50,452 - INFO - Nächste Zuteilung: Dr. Anna Schmidt (MA01) mit Score 0.60
2025-06-17 19:36:16,907 - INFO - Mitarbeiterdaten erfolgreich geladen
2025-06-17 19:36:16,912 - INFO - Mitarbeiterdaten erfolgreich geladen
2025-06-17 19:36:16,913 - INFO - Verfügbare Mitarbeiter: 6
2025-06-17 19:36:16,915 - INFO - Nächste Zuteilung: Dr. Thomas Klein (MA04) mit Score 0.48
2025-06-17 19:36:16,971 - INFO - Mitarbeiterdaten erfolgreich geladen
2025-06-17 19:36:16,973 - INFO - Mitarbeiterdaten erfolgreich geladen
2025-06-17 19:36:16,973 - INFO - Verfügbare Mitarbeiter: 6
2025-06-17 19:36:16,973 - INFO - Alle Mitarbeiter wurden zugewiesen, Liste wird zurückgesetzt
2025-06-17 19:36:16,973 - INFO - Nächste Zuteilung: Clara Meyer (MA05) mit Score 0.80
2025-06-17 19:36:17,946 - INFO - Mitarbeiterdaten erfolgreich geladen
2025-06-17 19:36:17,948 - INFO - Mitarbeiterdaten erfolgreich geladen
2025-06-17 19:36:17,948 - INFO - Verfügbare Mitarbeiter: 6
2025-06-17 19:36:17,949 - INFO - Nächste Zuteilung: Dr. Lisa Müller (MA03) mit Score 0.70
2025-06-17 19:36:17,984 - INFO - Mitarbeiterdaten erfolgreich geladen
2025-06-17 19:36:17,985 - INFO - Mitarbeiterdaten erfolgreich geladen
2025-06-17 19:36:17,986 - INFO - Verfügbare Mitarbeiter: 6
2025-06-17 19:36:17,986 - INFO - Nächste Zuteilung: Dr. Anna Schmidt (MA01) mit Score 0.60
2025-06-17 19:36:18,728 - INFO - Mitarbeiterdaten erfolgreich geladen
2025-06-17 19:36:18,731 - INFO - Mitarbeiterdaten erfolgreich geladen
2025-06-17 19:36:18,732 - INFO - Verfügbare Mitarbeiter: 6
2025-06-17 19:36:18,733 - INFO - Nächste Zuteilung: Dr. Thomas Klein (MA04) mit Score 0.48
2025-06-17 19:36:18,780 - INFO - Mitarbeiterdaten erfolgreich geladen
2025-06-17 19:36:18,782 - INFO - Mitarbeiterdaten erfolgreich geladen
2025-06-17 19:36:18,782 - INFO - Verfügbare Mitarbeiter: 6
2025-06-17 19:36:18,782 - INFO - Alle Mitarbeiter wurden zugewiesen, Liste wird zurückgesetzt
2025-06-17 19:36:18,782 - INFO - Nächste Zuteilung: Clara Meyer (MA05) mit Score 0.80
2025-06-17 19:36:46,041 - INFO - Mitarbeiterdaten erfolgreich geladen
2025-06-17 19:36:46,049 - INFO - Mitarbeiterdaten erfolgreich geladen
2025-06-17 19:36:46,051 - INFO - Verfügbare Mitarbeiter: 6
2025-06-17 19:36:51,438 - INFO - Mitarbeiterdaten erfolgreich geladen
2025-06-17 19:36:51,446 - INFO - Mitarbeiterdaten erfolgreich geladen
2025-06-17 19:36:51,447 - INFO - Verfügbare Mitarbeiter: 6
2025-06-17 19:36:52,475 - INFO - Mitarbeiterdaten erfolgreich geladen
2025-06-17 19:36:52,486 - INFO - Mitarbeiterdaten erfolgreich gespeichert
2025-06-17 19:36:52,487 - INFO - Status aktualisiert für Dr. Anna Schmidt: Wetter von Normal zu Normal, Regenschirm von nan zu True
2025-06-17 19:36:52,494 - INFO - Mitarbeiterdaten erfolgreich geladen
2025-06-17 19:36:52,495 - INFO - Verfügbare Mitarbeiter: 6
2025-06-17 19:37:03,884 - INFO - Mitarbeiterdaten erfolgreich geladen
2025-06-17 19:37:03,893 - INFO - Mitarbeiterdaten erfolgreich geladen
2025-06-17 19:37:03,894 - INFO - Verfügbare Mitarbeiter: 6
2025-06-17 19:37:05,788 - INFO - Mitarbeiterdaten erfolgreich geladen
2025-06-17 19:37:05,793 - INFO - Mitarbeiterdaten erfolgreich gespeichert
2025-06-17 19:37:05,793 - INFO - Status aktualisiert für Dr. Thomas Klein: Wetter von Normal zu Normal, Regenschirm von nan zu True
2025-06-17 19:37:05,800 - INFO - Mitarbeiterdaten erfolgreich geladen
2025-06-17 19:37:05,801 - INFO - Verfügbare Mitarbeiter: 6
2025-06-17 19:37:28,717 - INFO - Mitarbeiterdaten erfolgreich geladen
2025-06-17 19:37:28,721 - INFO - Mitarbeiterdaten erfolgreich geladen
2025-06-17 19:37:28,722 - INFO - Verfügbare Mitarbeiter: 6
2025-06-17 19:37:28,723 - INFO - Nächste Zuteilung: Dr. Lisa Müller (MA03) mit Score 0.70
2025-06-17 19:37:33,270 - INFO - Mitarbeiterdaten erfolgreich geladen
2025-06-17 19:37:33,273 - INFO - Mitarbeiterdaten erfolgreich geladen
2025-06-17 19:37:33,275 - INFO - Verfügbare Mitarbeiter: 6
2025-06-17 19:37:33,276 - INFO - Nächste Zuteilung: Dr. Anna Schmidt (MA01) mit Score 0.60
2025-06-17 19:37:33,321 - INFO - Mitarbeiterdaten erfolgreich geladen
2025-06-17 19:37:33,322 - INFO - Mitarbeiterdaten erfolgreich geladen
2025-06-17 19:37:33,323 - INFO - Verfügbare Mitarbeiter: 6
2025-06-17 19:37:33,323 - INFO - Nächste Zuteilung: Dr. Thomas Klein (MA04) mit Score 0.48
2025-06-17 19:37:34,370 - INFO - Mitarbeiterdaten erfolgreich geladen
2025-06-17 19:37:34,373 - INFO - Mitarbeiterdaten erfolgreich geladen
2025-06-17 19:37:34,374 - INFO - Verfügbare Mitarbeiter: 6
2025-06-17 19:37:34,375 - INFO - Nächste Zuteilung: Dr. Max Weber (MA02) mit Score 0.40
2025-06-17 19:37:34,422 - INFO - Mitarbeiterdaten erfolgreich geladen
2025-06-17 19:37:34,423 - INFO - Mitarbeiterdaten erfolgreich geladen
2025-06-17 19:37:34,424 - INFO - Verfügbare Mitarbeiter: 6
2025-06-17 19:37:34,424 - INFO - Alle Mitarbeiter wurden zugewiesen, Liste wird zurückgesetzt
2025-06-17 19:37:34,424 - INFO - Nächste Zuteilung: Clara Meyer (MA05) mit Score 0.80
2025-06-17 19:37:35,215 - INFO - Mitarbeiterdaten erfolgreich geladen
2025-06-17 19:37:35,218 - INFO - Mitarbeiterdaten erfolgreich geladen
2025-06-17 19:37:35,219 - INFO - Verfügbare Mitarbeiter: 6
2025-06-17 19:37:35,220 - INFO - Nächste Zuteilung: Dr. Lisa Müller (MA03) mit Score 0.70
2025-06-17 19:37:35,269 - INFO - Mitarbeiterdaten erfolgreich geladen
2025-06-17 19:37:35,270 - INFO - Mitarbeiterdaten erfolgreich geladen
2025-06-17 19:37:35,271 - INFO - Verfügbare Mitarbeiter: 6
2025-06-17 19:37:35,271 - INFO - Nächste Zuteilung: Dr. Anna Schmidt (MA01) mit Score 0.60
2025-06-17 19:37:35,958 - INFO - Mitarbeiterdaten erfolgreich geladen
2025-06-17 19:37:35,961 - INFO - Mitarbeiterdaten erfolgreich geladen
2025-06-17 19:37:35,963 - INFO - Verfügbare Mitarbeiter: 6
2025-06-17 19:37:35,963 - INFO - Nächste Zuteilung: Dr. Thomas Klein (MA04) mit Score 0.48
2025-06-17 19:37:36,012 - INFO - Mitarbeiterdaten erfolgreich geladen
2025-06-17 19:37:36,014 - INFO - Mitarbeiterdaten erfolgreich geladen
2025-06-17 19:37:36,014 - INFO - Verfügbare Mitarbeiter: 6
2025-06-17 19:37:36,014 - INFO - Alle Mitarbeiter wurden zugewiesen, Liste wird zurückgesetzt
2025-06-17 19:37:36,014 - INFO - Nächste Zuteilung: Clara Meyer (MA05) mit Score 0.80
2025-06-17 19:37:36,556 - INFO - Mitarbeiterdaten erfolgreich geladen
2025-06-17 19:37:36,559 - INFO - Mitarbeiterdaten erfolgreich geladen
2025-06-17 19:37:36,561 - INFO - Verfügbare Mitarbeiter: 6
2025-06-17 19:37:36,561 - INFO - Nächste Zuteilung: Dr. Lisa Müller (MA03) mit Score 0.70
2025-06-17 19:37:36,604 - INFO - Mitarbeiterdaten erfolgreich geladen
2025-06-17 19:37:36,605 - INFO - Mitarbeiterdaten erfolgreich geladen
2025-06-17 19:37:36,606 - INFO - Verfügbare Mitarbeiter: 6
2025-06-17 19:37:36,606 - INFO - Nächste Zuteilung: Dr. Anna Schmidt (MA01) mit Score 0.60
2025-06-17 19:37:37,094 - INFO - Mitarbeiterdaten erfolgreich geladen
2025-06-17 19:37:37,097 - INFO - Mitarbeiterdaten erfolgreich geladen
2025-06-17 19:37:37,098 - INFO - Verfügbare Mitarbeiter: 6
2025-06-17 19:37:37,099 - INFO - Nächste Zuteilung: Dr. Thomas Klein (MA04) mit Score 0.48
2025-06-17 19:37:37,146 - INFO - Mitarbeiterdaten erfolgreich geladen
2025-06-17 19:37:37,147 - INFO - Mitarbeiterdaten erfolgreich geladen
2025-06-17 19:37:37,147 - INFO - Verfügbare Mitarbeiter: 6
2025-06-17 19:37:37,147 - INFO - Alle Mitarbeiter wurden zugewiesen, Liste wird zurückgesetzt
2025-06-17 19:37:37,148 - INFO - Nächste Zuteilung: Clara Meyer (MA05) mit Score 0.80
2025-06-17 19:37:37,669 - INFO - Mitarbeiterdaten erfolgreich geladen
2025-06-17 19:37:37,672 - INFO - Mitarbeiterdaten erfolgreich geladen
2025-06-17 19:37:37,674 - INFO - Verfügbare Mitarbeiter: 6
2025-06-17 19:37:37,674 - INFO - Nächste Zuteilung: Dr. Lisa Müller (MA03) mit Score 0.70
2025-06-17 19:37:37,721 - INFO - Mitarbeiterdaten erfolgreich geladen
2025-06-17 19:37:37,722 - INFO - Mitarbeiterdaten erfolgreich geladen
2025-06-17 19:37:37,722 - INFO - Verfügbare Mitarbeiter: 6
2025-06-17 19:37:37,723 - INFO - Nächste Zuteilung: Dr. Anna Schmidt (MA01) mit Score 0.60
2025-06-17 19:37:38,182 - INFO - Mitarbeiterdaten erfolgreich geladen
2025-06-17 19:37:38,186 - INFO - Mitarbeiterdaten erfolgreich geladen
2025-06-17 19:37:38,187 - INFO - Verfügbare Mitarbeiter: 6
2025-06-17 19:37:38,188 - INFO - Nächste Zuteilung: Dr. Thomas Klein (MA04) mit Score 0.48
2025-06-17 19:37:38,231 - INFO - Mitarbeiterdaten erfolgreich geladen
2025-06-17 19:37:38,233 - INFO - Mitarbeiterdaten erfolgreich geladen
2025-06-17 19:37:38,233 - INFO - Verfügbare Mitarbeiter: 6
2025-06-17 19:37:38,234 - INFO - Alle Mitarbeiter wurden zugewiesen, Liste wird zurückgesetzt
2025-06-17 19:37:38,234 - INFO - Nächste Zuteilung: Clara Meyer (MA05) mit Score 0.80
2025-06-17 19:37:38,342 - INFO - Mitarbeiterdaten erfolgreich geladen
2025-06-17 19:37:38,344 - INFO - Mitarbeiterdaten erfolgreich geladen
2025-06-17 19:37:38,344 - INFO - Verfügbare Mitarbeiter: 6
2025-06-17 19:37:38,345 - INFO - Nächste Zuteilung: Dr. Lisa Müller (MA03) mit Score 0.70
2025-06-17 19:37:38,381 - INFO - Mitarbeiterdaten erfolgreich geladen
2025-06-17 19:37:38,382 - INFO - Mitarbeiterdaten erfolgreich geladen
2025-06-17 19:37:38,382 - INFO - Verfügbare Mitarbeiter: 6
2025-06-17 19:37:38,382 - INFO - Nächste Zuteilung: Dr. Anna Schmidt (MA01) mit Score 0.60
2025-06-17 19:37:38,506 - INFO - Mitarbeiterdaten erfolgreich geladen
2025-06-17 19:37:38,507 - INFO - Mitarbeiterdaten erfolgreich geladen
2025-06-17 19:37:38,508 - INFO - Verfügbare Mitarbeiter: 6
2025-06-17 19:37:38,508 - INFO - Nächste Zuteilung: Dr. Thomas Klein (MA04) mit Score 0.48
2025-06-17 19:37:38,542 - INFO - Mitarbeiterdaten erfolgreich geladen
2025-06-17 19:37:38,544 - INFO - Mitarbeiterdaten erfolgreich geladen
2025-06-17 19:37:38,544 - INFO - Verfügbare Mitarbeiter: 6
2025-06-17 19:37:38,544 - INFO - Alle Mitarbeiter wurden zugewiesen, Liste wird zurückgesetzt
2025-06-17 19:37:38,545 - INFO - Nächste Zuteilung: Clara Meyer (MA05) mit Score 0.80
2025-06-17 19:37:38,833 - INFO - Mitarbeiterdaten erfolgreich geladen
2025-06-17 19:37:38,836 - INFO - Mitarbeiterdaten erfolgreich geladen
2025-06-17 19:37:38,837 - INFO - Verfügbare Mitarbeiter: 6
2025-06-17 19:37:38,838 - INFO - Nächste Zuteilung: Dr. Lisa Müller (MA03) mit Score 0.70
2025-06-17 19:37:38,877 - INFO - Mitarbeiterdaten erfolgreich geladen
2025-06-17 19:37:38,879 - INFO - Mitarbeiterdaten erfolgreich geladen
2025-06-17 19:37:38,879 - INFO - Verfügbare Mitarbeiter: 6
2025-06-17 19:37:38,880 - INFO - Nächste Zuteilung: Dr. Anna Schmidt (MA01) mit Score 0.60
2025-06-17 19:37:38,982 - INFO - Mitarbeiterdaten erfolgreich geladen
2025-06-17 19:37:38,983 - INFO - Mitarbeiterdaten erfolgreich geladen
2025-06-17 19:37:38,983 - INFO - Verfügbare Mitarbeiter: 6
2025-06-17 19:37:38,984 - INFO - Nächste Zuteilung: Dr. Thomas Klein (MA04) mit Score 0.48
2025-06-17 19:37:39,015 - INFO - Mitarbeiterdaten erfolgreich geladen
2025-06-17 19:37:39,016 - INFO - Mitarbeiterdaten erfolgreich geladen
2025-06-17 19:37:39,017 - INFO - Verfügbare Mitarbeiter: 6
2025-06-17 19:37:39,017 - INFO - Alle Mitarbeiter wurden zugewiesen, Liste wird zurückgesetzt
2025-06-17 19:37:39,017 - INFO - Nächste Zuteilung: Clara Meyer (MA05) mit Score 0.80
2025-06-17 19:37:39,151 - INFO - Mitarbeiterdaten erfolgreich geladen
2025-06-17 19:37:39,153 - INFO - Mitarbeiterdaten erfolgreich geladen
2025-06-17 19:37:39,154 - INFO - Verfügbare Mitarbeiter: 6
2025-06-17 19:37:39,154 - INFO - Nächste Zuteilung: Dr. Lisa Müller (MA03) mit Score 0.70
2025-06-17 19:37:39,185 - INFO - Mitarbeiterdaten erfolgreich geladen
2025-06-17 19:37:39,187 - INFO - Mitarbeiterdaten erfolgreich geladen
2025-06-17 19:37:39,187 - INFO - Verfügbare Mitarbeiter: 6
2025-06-17 19:37:39,187 - INFO - Nächste Zuteilung: Dr. Anna Schmidt (MA01) mit Score 0.60
2025-06-17 19:37:39,315 - INFO - Mitarbeiterdaten erfolgreich geladen
2025-06-17 19:37:39,317 - INFO - Mitarbeiterdaten erfolgreich geladen
2025-06-17 19:37:39,317 - INFO - Verfügbare Mitarbeiter: 6
2025-06-17 19:37:39,317 - INFO - Nächste Zuteilung: Dr. Thomas Klein (MA04) mit Score 0.48
2025-06-17 19:37:39,347 - INFO - Mitarbeiterdaten erfolgreich geladen
2025-06-17 19:37:39,349 - INFO - Mitarbeiterdaten erfolgreich geladen
2025-06-17 19:37:39,349 - INFO - Verfügbare Mitarbeiter: 6
2025-06-17 19:37:39,349 - INFO - Alle Mitarbeiter wurden zugewiesen, Liste wird zurückgesetzt
2025-06-17 19:37:39,349 - INFO - Nächste Zuteilung: Clara Meyer (MA05) mit Score 0.80
2025-06-17 19:37:39,493 - INFO - Mitarbeiterdaten erfolgreich geladen
2025-06-17 19:37:39,494 - INFO - Mitarbeiterdaten erfolgreich geladen
2025-06-17 19:37:39,495 - INFO - Verfügbare Mitarbeiter: 6
2025-06-17 19:37:39,495 - INFO - Nächste Zuteilung: Dr. Lisa Müller (MA03) mit Score 0.70
2025-06-17 19:37:39,527 - INFO - Mitarbeiterdaten erfolgreich geladen
2025-06-17 19:37:39,529 - INFO - Mitarbeiterdaten erfolgreich geladen
2025-06-17 19:37:39,529 - INFO - Verfügbare Mitarbeiter: 6
2025-06-17 19:37:39,529 - INFO - Nächste Zuteilung: Dr. Anna Schmidt (MA01) mit Score 0.60
2025-06-17 19:37:39,649 - INFO - Mitarbeiterdaten erfolgreich geladen
2025-06-17 19:37:39,650 - INFO - Mitarbeiterdaten erfolgreich geladen
2025-06-17 19:37:39,651 - INFO - Verfügbare Mitarbeiter: 6
2025-06-17 19:37:39,651 - INFO - Nächste Zuteilung: Dr. Thomas Klein (MA04) mit Score 0.48
2025-06-17 19:37:39,681 - INFO - Mitarbeiterdaten erfolgreich geladen
2025-06-17 19:37:39,683 - INFO - Mitarbeiterdaten erfolgreich geladen
2025-06-17 19:37:39,683 - INFO - Verfügbare Mitarbeiter: 6
2025-06-17 19:37:39,683 - INFO - Alle Mitarbeiter wurden zugewiesen, Liste wird zurückgesetzt
2025-06-17 19:37:39,683 - INFO - Nächste Zuteilung: Clara Meyer (MA05) mit Score 0.80
2025-06-17 19:39:38,319 - INFO - Mitarbeiterdaten erfolgreich geladen
2025-06-17 19:39:38,322 - INFO - Mitarbeiterdaten erfolgreich geladen
2025-06-17 19:39:38,323 - INFO - Verfügbare Mitarbeiter: 6
2025-06-17 19:39:38,324 - INFO - Nächste Zuteilung: Clara Meyer (MA05) mit Score 0.80
2025-06-17 19:39:45,001 - INFO - Mitarbeiterdaten erfolgreich geladen
2025-06-17 19:39:45,008 - INFO - Mitarbeiterdaten erfolgreich geladen
2025-06-17 19:39:45,009 - INFO - Verfügbare Mitarbeiter: 6
2025-06-17 19:39:48,951 - INFO - Mitarbeiterdaten erfolgreich geladen
2025-06-17 19:39:48,956 - INFO - Mitarbeiterdaten erfolgreich gespeichert
2025-06-17 19:39:48,956 - INFO - Status aktualisiert für Dr. Anna Schmidt: Wetter von Normal zu Normal, Regenschirm von nan zu False
2025-06-17 19:39:48,963 - INFO - Mitarbeiterdaten erfolgreich geladen
2025-06-17 19:39:48,964 - INFO - Verfügbare Mitarbeiter: 6
2025-06-17 19:40:12,720 - INFO - Mitarbeiterdaten erfolgreich geladen
2025-06-17 19:40:12,728 - INFO - Mitarbeiterdaten erfolgreich geladen
2025-06-17 19:40:12,730 - INFO - Verfügbare Mitarbeiter: 6
2025-06-17 19:40:14,179 - INFO - Mitarbeiterdaten erfolgreich geladen
2025-06-17 19:40:14,183 - INFO - Mitarbeiterdaten erfolgreich gespeichert
2025-06-17 19:40:14,183 - INFO - Status aktualisiert für Dr. Anna Schmidt: Wetter von Normal zu Normal, Regenschirm von nan zu True
2025-06-17 19:40:14,190 - INFO - Mitarbeiterdaten erfolgreich geladen
2025-06-17 19:40:14,192 - INFO - Verfügbare Mitarbeiter: 6
2025-06-17 19:40:36,747 - INFO - Mitarbeiterdaten erfolgreich geladen
2025-06-17 19:40:36,756 - INFO - Mitarbeiterdaten erfolgreich geladen
2025-06-17 19:40:36,757 - INFO - Verfügbare Mitarbeiter: 6
2025-06-17 19:40:40,550 - INFO - Mitarbeiterdaten erfolgreich geladen
2025-06-17 19:40:40,559 - INFO - Mitarbeiterdaten erfolgreich geladen
2025-06-17 19:40:40,560 - INFO - Verfügbare Mitarbeiter: 6
2025-06-17 19:40:42,210 - INFO - Mitarbeiterdaten erfolgreich geladen
2025-06-17 19:40:42,214 - INFO - Mitarbeiterdaten erfolgreich gespeichert
2025-06-17 19:40:42,215 - INFO - Status aktualisiert für Dr. Thomas Klein: Wetter von Normal zu Gewitter, Regenschirm von nan zu True
2025-06-17 19:40:42,222 - INFO - Mitarbeiterdaten erfolgreich geladen
2025-06-17 19:40:42,223 - INFO - Verfügbare Mitarbeiter: 5
2025-06-17 19:40:44,617 - INFO - Mitarbeiterdaten erfolgreich geladen
2025-06-17 19:40:44,625 - INFO - Mitarbeiterdaten erfolgreich geladen
2025-06-17 19:40:44,626 - INFO - Verfügbare Mitarbeiter: 5
2025-06-17 19:40:45,159 - INFO - Mitarbeiterdaten erfolgreich geladen
2025-06-17 19:40:45,164 - INFO - Mitarbeiterdaten erfolgreich gespeichert
2025-06-17 19:40:45,165 - INFO - Status aktualisiert für Dr. Thomas Klein: Wetter von Gewitter zu Gewitter, Regenschirm von nan zu False
2025-06-17 19:40:45,173 - INFO - Mitarbeiterdaten erfolgreich geladen
2025-06-17 19:40:45,174 - INFO - Verfügbare Mitarbeiter: 5
