2025-06-13 16:51:30,069 - INFO - Mitarbeiterdaten erfolgreich geladen
2025-06-13 16:51:30,072 - INFO - Verfügbare Mitarbeiter: 6
2025-06-13 16:51:30,072 - INFO - Nächste Zuteilung: Dr. Anna Schmidt (MA01) mit Score 0.60
2025-06-13 16:51:30,076 - INFO - Mitarbeiterdaten erfolgreich geladen
2025-06-13 16:51:30,082 - INFO - Mitarbeiterdaten erfolgreich geladen
2025-06-13 16:51:30,083 - INFO - Verfügbare Mitarbeiter: 6
2025-06-13 16:51:32,310 - INFO - Mitarbeiterdaten erfolgreich geladen
2025-06-13 16:51:32,311 - INFO - Verfügbare Mitarbeiter: 6
2025-06-13 16:51:32,312 - INFO - Nächste Zuteilung: Jenny Schulz (MA06) mit Score 0.40
2025-06-13 16:51:32,313 - INFO - Nächste Person wurde angefordert
2025-06-13 16:51:32,359 - INFO - Mitarbeiterdaten erfolgreich geladen
2025-06-13 16:51:32,360 - INFO - Verfügbare Mitarbeiter: 6
2025-06-13 16:51:32,360 - INFO - Alle Mitarbeiter wurden zugewiesen, Liste wird zurückgesetzt
2025-06-13 16:51:32,360 - INFO - Nächste Zuteilung: Clara Meyer (MA05) mit Score 0.80
2025-06-13 16:51:32,362 - INFO - Mitarbeiterdaten erfolgreich geladen
2025-06-13 16:51:32,365 - INFO - Mitarbeiterdaten erfolgreich geladen
2025-06-13 16:51:32,366 - INFO - Verfügbare Mitarbeiter: 6
2025-06-13 16:51:33,842 - INFO - Mitarbeiterdaten erfolgreich geladen
2025-06-13 16:51:33,843 - INFO - Verfügbare Mitarbeiter: 6
2025-06-13 16:51:33,844 - INFO - Nächste Zuteilung: Dr. Lisa Müller (MA03) mit Score 0.70
2025-06-13 16:51:33,845 - INFO - Nächste Person wurde angefordert
2025-06-13 16:51:33,886 - INFO - Mitarbeiterdaten erfolgreich geladen
2025-06-13 16:51:33,887 - INFO - Verfügbare Mitarbeiter: 6
2025-06-13 16:51:33,887 - INFO - Nächste Zuteilung: Dr. Anna Schmidt (MA01) mit Score 0.60
2025-06-13 16:51:33,890 - INFO - Mitarbeiterdaten erfolgreich geladen
2025-06-13 16:51:33,893 - INFO - Mitarbeiterdaten erfolgreich geladen
2025-06-13 16:51:33,893 - INFO - Verfügbare Mitarbeiter: 6
2025-06-13 16:51:35,320 - INFO - Mitarbeiterdaten erfolgreich geladen
2025-06-13 16:51:35,321 - INFO - Verfügbare Mitarbeiter: 6
2025-06-13 16:51:35,322 - INFO - Nächste Zuteilung: Dr. Thomas Klein (MA04) mit Score 0.48
2025-06-13 16:51:35,323 - INFO - Nächste Person wurde angefordert
2025-06-13 16:51:35,372 - INFO - Mitarbeiterdaten erfolgreich geladen
2025-06-13 16:51:35,373 - INFO - Verfügbare Mitarbeiter: 6
2025-06-13 16:51:35,373 - INFO - Nächste Zuteilung: Dr. Max Weber (MA02) mit Score 0.40
2025-06-13 16:51:35,375 - INFO - Mitarbeiterdaten erfolgreich geladen
2025-06-13 16:51:35,377 - INFO - Mitarbeiterdaten erfolgreich geladen
2025-06-13 16:51:35,378 - INFO - Verfügbare Mitarbeiter: 6
2025-06-13 16:51:36,792 - INFO - Mitarbeiterdaten erfolgreich geladen
2025-06-13 16:51:36,794 - INFO - Verfügbare Mitarbeiter: 6
2025-06-13 16:51:36,794 - INFO - Nächste Zuteilung: Jenny Schulz (MA06) mit Score 0.40
2025-06-13 16:51:36,795 - INFO - Nächste Person wurde angefordert
2025-06-13 16:51:36,843 - INFO - Mitarbeiterdaten erfolgreich geladen
2025-06-13 16:51:36,844 - INFO - Verfügbare Mitarbeiter: 6
2025-06-13 16:51:36,844 - INFO - Alle Mitarbeiter wurden zugewiesen, Liste wird zurückgesetzt
2025-06-13 16:51:36,844 - INFO - Nächste Zuteilung: Clara Meyer (MA05) mit Score 0.80
2025-06-13 16:51:36,846 - INFO - Mitarbeiterdaten erfolgreich geladen
2025-06-13 16:51:36,849 - INFO - Mitarbeiterdaten erfolgreich geladen
2025-06-13 16:51:36,850 - INFO - Verfügbare Mitarbeiter: 6
2025-06-13 16:51:38,258 - INFO - Mitarbeiterdaten erfolgreich geladen
2025-06-13 16:51:38,259 - INFO - Verfügbare Mitarbeiter: 6
2025-06-13 16:51:38,260 - INFO - Nächste Zuteilung: Dr. Lisa Müller (MA03) mit Score 0.70
2025-06-13 16:51:38,261 - INFO - Nächste Person wurde angefordert
2025-06-13 16:51:38,305 - INFO - Mitarbeiterdaten erfolgreich geladen
2025-06-13 16:51:38,306 - INFO - Verfügbare Mitarbeiter: 6
2025-06-13 16:51:38,306 - INFO - Nächste Zuteilung: Dr. Anna Schmidt (MA01) mit Score 0.60
2025-06-13 16:51:38,308 - INFO - Mitarbeiterdaten erfolgreich geladen
2025-06-13 16:51:38,311 - INFO - Mitarbeiterdaten erfolgreich geladen
2025-06-13 16:51:38,312 - INFO - Verfügbare Mitarbeiter: 6
2025-06-13 16:51:38,907 - INFO - Mitarbeiterdaten erfolgreich geladen
2025-06-13 16:51:38,908 - INFO - Verfügbare Mitarbeiter: 6
2025-06-13 16:51:38,908 - INFO - Nächste Zuteilung: Dr. Thomas Klein (MA04) mit Score 0.48
2025-06-13 16:51:38,909 - INFO - Nächste Person wurde angefordert
2025-06-13 16:51:38,952 - INFO - Mitarbeiterdaten erfolgreich geladen
2025-06-13 16:51:38,953 - INFO - Verfügbare Mitarbeiter: 6
2025-06-13 16:51:38,954 - INFO - Nächste Zuteilung: Dr. Max Weber (MA02) mit Score 0.40
2025-06-13 16:51:38,957 - INFO - Mitarbeiterdaten erfolgreich geladen
2025-06-13 16:51:38,960 - INFO - Mitarbeiterdaten erfolgreich geladen
2025-06-13 16:51:38,961 - INFO - Verfügbare Mitarbeiter: 6
2025-06-13 16:51:39,590 - INFO - Mitarbeiterdaten erfolgreich geladen
2025-06-13 16:51:39,591 - INFO - Verfügbare Mitarbeiter: 6
2025-06-13 16:51:39,592 - INFO - Nächste Zuteilung: Jenny Schulz (MA06) mit Score 0.40
2025-06-13 16:51:39,593 - INFO - Nächste Person wurde angefordert
2025-06-13 16:51:39,639 - INFO - Mitarbeiterdaten erfolgreich geladen
2025-06-13 16:51:39,640 - INFO - Verfügbare Mitarbeiter: 6
2025-06-13 16:51:39,640 - INFO - Alle Mitarbeiter wurden zugewiesen, Liste wird zurückgesetzt
2025-06-13 16:51:39,640 - INFO - Nächste Zuteilung: Clara Meyer (MA05) mit Score 0.80
2025-06-13 16:51:39,642 - INFO - Mitarbeiterdaten erfolgreich geladen
2025-06-13 16:51:39,645 - INFO - Mitarbeiterdaten erfolgreich geladen
2025-06-13 16:51:39,646 - INFO - Verfügbare Mitarbeiter: 6
2025-06-13 16:51:41,383 - INFO - Mitarbeiterdaten erfolgreich geladen
2025-06-13 16:51:41,385 - INFO - Verfügbare Mitarbeiter: 6
2025-06-13 16:51:41,386 - INFO - Nächste Zuteilung: Dr. Lisa Müller (MA03) mit Score 0.70
2025-06-13 16:51:41,387 - INFO - Nächste Person wurde angefordert
2025-06-13 16:51:41,430 - INFO - Mitarbeiterdaten erfolgreich geladen
2025-06-13 16:51:41,431 - INFO - Verfügbare Mitarbeiter: 6
2025-06-13 16:51:41,431 - INFO - Nächste Zuteilung: Dr. Anna Schmidt (MA01) mit Score 0.60
2025-06-13 16:51:41,433 - INFO - Mitarbeiterdaten erfolgreich geladen
2025-06-13 16:51:41,437 - INFO - Mitarbeiterdaten erfolgreich geladen
2025-06-13 16:51:41,438 - INFO - Verfügbare Mitarbeiter: 6
2025-06-13 16:51:43,170 - INFO - Mitarbeiterdaten erfolgreich geladen
2025-06-13 16:51:43,171 - INFO - Verfügbare Mitarbeiter: 6
2025-06-13 16:51:43,171 - INFO - Nächste Zuteilung: Dr. Thomas Klein (MA04) mit Score 0.48
2025-06-13 16:51:43,173 - INFO - Nächste Person wurde angefordert
2025-06-13 16:51:43,215 - INFO - Mitarbeiterdaten erfolgreich geladen
2025-06-13 16:51:43,216 - INFO - Verfügbare Mitarbeiter: 6
2025-06-13 16:51:43,216 - INFO - Nächste Zuteilung: Dr. Max Weber (MA02) mit Score 0.40
2025-06-13 16:51:43,219 - INFO - Mitarbeiterdaten erfolgreich geladen
2025-06-13 16:51:43,222 - INFO - Mitarbeiterdaten erfolgreich geladen
2025-06-13 16:51:43,223 - INFO - Verfügbare Mitarbeiter: 6
2025-06-13 16:51:43,444 - INFO - Mitarbeiterdaten erfolgreich geladen
2025-06-13 16:51:43,445 - INFO - Verfügbare Mitarbeiter: 6
2025-06-13 16:51:43,445 - INFO - Nächste Zuteilung: Jenny Schulz (MA06) mit Score 0.40
2025-06-13 16:51:43,446 - INFO - Nächste Person wurde angefordert
2025-06-13 16:51:43,480 - INFO - Mitarbeiterdaten erfolgreich geladen
2025-06-13 16:51:43,481 - INFO - Verfügbare Mitarbeiter: 6
2025-06-13 16:51:43,481 - INFO - Alle Mitarbeiter wurden zugewiesen, Liste wird zurückgesetzt
2025-06-13 16:51:43,481 - INFO - Nächste Zuteilung: Clara Meyer (MA05) mit Score 0.80
2025-06-13 16:51:43,483 - INFO - Mitarbeiterdaten erfolgreich geladen
2025-06-13 16:51:43,487 - INFO - Mitarbeiterdaten erfolgreich geladen
2025-06-13 16:51:43,488 - INFO - Verfügbare Mitarbeiter: 6
2025-06-13 16:51:43,592 - INFO - Mitarbeiterdaten erfolgreich geladen
2025-06-13 16:51:43,593 - INFO - Verfügbare Mitarbeiter: 6
2025-06-13 16:51:43,593 - INFO - Nächste Zuteilung: Dr. Lisa Müller (MA03) mit Score 0.70
2025-06-13 16:51:43,596 - INFO - Nächste Person wurde angefordert
2025-06-13 16:51:43,632 - INFO - Mitarbeiterdaten erfolgreich geladen
2025-06-13 16:51:43,633 - INFO - Verfügbare Mitarbeiter: 6
2025-06-13 16:51:43,633 - INFO - Nächste Zuteilung: Dr. Anna Schmidt (MA01) mit Score 0.60
2025-06-13 16:51:43,636 - INFO - Mitarbeiterdaten erfolgreich geladen
2025-06-13 16:51:43,638 - INFO - Mitarbeiterdaten erfolgreich geladen
2025-06-13 16:51:43,639 - INFO - Verfügbare Mitarbeiter: 6
2025-06-13 16:51:44,025 - INFO - Mitarbeiterdaten erfolgreich geladen
2025-06-13 16:51:44,026 - INFO - Verfügbare Mitarbeiter: 6
2025-06-13 16:51:44,026 - INFO - Nächste Zuteilung: Dr. Thomas Klein (MA04) mit Score 0.48
2025-06-13 16:51:44,027 - INFO - Nächste Person wurde angefordert
2025-06-13 16:51:44,055 - INFO - Mitarbeiterdaten erfolgreich geladen
2025-06-13 16:51:44,055 - INFO - Verfügbare Mitarbeiter: 6
2025-06-13 16:51:44,055 - INFO - Nächste Zuteilung: Dr. Max Weber (MA02) mit Score 0.40
2025-06-13 16:51:44,057 - INFO - Mitarbeiterdaten erfolgreich geladen
2025-06-13 16:51:44,060 - INFO - Mitarbeiterdaten erfolgreich geladen
2025-06-13 16:51:44,060 - INFO - Verfügbare Mitarbeiter: 6
2025-06-13 16:51:44,195 - INFO - Mitarbeiterdaten erfolgreich geladen
2025-06-13 16:51:44,196 - INFO - Verfügbare Mitarbeiter: 6
2025-06-13 16:51:44,196 - INFO - Nächste Zuteilung: Jenny Schulz (MA06) mit Score 0.40
2025-06-13 16:51:44,197 - INFO - Nächste Person wurde angefordert
2025-06-13 16:51:44,227 - INFO - Mitarbeiterdaten erfolgreich geladen
2025-06-13 16:51:44,228 - INFO - Verfügbare Mitarbeiter: 6
2025-06-13 16:51:44,228 - INFO - Alle Mitarbeiter wurden zugewiesen, Liste wird zurückgesetzt
2025-06-13 16:51:44,229 - INFO - Nächste Zuteilung: Clara Meyer (MA05) mit Score 0.80
2025-06-13 16:51:44,231 - INFO - Mitarbeiterdaten erfolgreich geladen
2025-06-13 16:51:44,233 - INFO - Mitarbeiterdaten erfolgreich geladen
2025-06-13 16:51:44,234 - INFO - Verfügbare Mitarbeiter: 6
2025-06-13 16:51:46,811 - INFO - Mitarbeiterdaten erfolgreich geladen
2025-06-13 16:51:46,820 - INFO - Mitarbeiterdaten erfolgreich geladen
2025-06-13 16:51:46,823 - INFO - Verfügbare Mitarbeiter: 6
2025-06-13 16:51:49,235 - INFO - Mitarbeiterdaten erfolgreich geladen
2025-06-13 16:51:49,244 - INFO - Mitarbeiterdaten erfolgreich geladen
2025-06-13 16:51:49,245 - INFO - Verfügbare Mitarbeiter: 6
2025-06-13 16:51:50,811 - INFO - Mitarbeiterdaten erfolgreich geladen
2025-06-13 16:51:50,813 - INFO - Mitarbeiterdaten erfolgreich gespeichert
2025-06-13 16:51:50,813 - INFO - Status aktualisiert für Dr. Anna Schmidt: Wetter von Eisschlecken zu Normal, Regenschirm von nan zu True
2025-06-13 16:51:50,816 - INFO - Mitarbeiterdaten erfolgreich geladen
2025-06-13 16:51:50,817 - INFO - Verfügbare Mitarbeiter: 6
2025-06-13 16:51:54,461 - INFO - Mitarbeiterdaten erfolgreich geladen
2025-06-13 16:51:54,472 - INFO - Mitarbeiterdaten erfolgreich geladen
2025-06-13 16:51:54,474 - INFO - Verfügbare Mitarbeiter: 6
2025-06-13 16:51:55,681 - INFO - Mitarbeiterdaten erfolgreich geladen
2025-06-13 16:51:55,686 - INFO - Mitarbeiterdaten erfolgreich gespeichert
2025-06-13 16:51:55,686 - INFO - Status aktualisiert für Dr. Lisa Müller: Wetter von Normal zu Normal, Regenschirm von nan zu True
2025-06-13 16:51:55,696 - INFO - Mitarbeiterdaten erfolgreich geladen
2025-06-13 16:51:55,700 - INFO - Verfügbare Mitarbeiter: 6
2025-06-13 16:51:57,956 - INFO - Mitarbeiterdaten erfolgreich geladen
2025-06-13 16:51:57,964 - INFO - Mitarbeiterdaten erfolgreich geladen
2025-06-13 16:51:57,966 - INFO - Verfügbare Mitarbeiter: 6
2025-06-13 16:51:58,773 - INFO - Mitarbeiterdaten erfolgreich geladen
2025-06-13 16:51:58,778 - INFO - Mitarbeiterdaten erfolgreich gespeichert
2025-06-13 16:51:58,778 - INFO - Status aktualisiert für Clara Meyer: Wetter von Normal zu Normal, Regenschirm von nan zu True
2025-06-13 16:51:58,787 - INFO - Mitarbeiterdaten erfolgreich geladen
2025-06-13 16:51:58,789 - INFO - Verfügbare Mitarbeiter: 6
2025-06-13 16:52:00,670 - INFO - Mitarbeiterdaten erfolgreich geladen
2025-06-13 16:52:00,671 - INFO - Verfügbare Mitarbeiter: 6
2025-06-13 16:52:00,672 - INFO - Nächste Zuteilung: Dr. Lisa Müller (MA03) mit Score 0.70
2025-06-13 16:52:00,677 - INFO - Mitarbeiterdaten erfolgreich geladen
2025-06-13 16:52:00,685 - INFO - Mitarbeiterdaten erfolgreich geladen
2025-06-13 16:52:00,687 - INFO - Verfügbare Mitarbeiter: 6
2025-06-13 16:52:01,916 - INFO - Mitarbeiterdaten erfolgreich geladen
2025-06-13 16:52:01,918 - INFO - Verfügbare Mitarbeiter: 6
2025-06-13 16:52:01,919 - INFO - Nächste Zuteilung: Dr. Anna Schmidt (MA01) mit Score 0.60
2025-06-13 16:52:01,921 - INFO - Nächste Person wurde angefordert
2025-06-13 16:52:01,994 - INFO - Mitarbeiterdaten erfolgreich geladen
2025-06-13 16:52:01,995 - INFO - Verfügbare Mitarbeiter: 6
2025-06-13 16:52:01,996 - INFO - Nächste Zuteilung: Dr. Thomas Klein (MA04) mit Score 0.48
2025-06-13 16:52:01,998 - INFO - Mitarbeiterdaten erfolgreich geladen
2025-06-13 16:52:02,002 - INFO - Mitarbeiterdaten erfolgreich geladen
2025-06-13 16:52:02,003 - INFO - Verfügbare Mitarbeiter: 6
2025-06-13 16:52:02,661 - INFO - Mitarbeiterdaten erfolgreich geladen
2025-06-13 16:52:02,663 - INFO - Verfügbare Mitarbeiter: 6
2025-06-13 16:52:02,663 - INFO - Nächste Zuteilung: Dr. Max Weber (MA02) mit Score 0.40
2025-06-13 16:52:02,666 - INFO - Nächste Person wurde angefordert
2025-06-13 16:52:02,733 - INFO - Mitarbeiterdaten erfolgreich geladen
2025-06-13 16:52:02,734 - INFO - Verfügbare Mitarbeiter: 6
2025-06-13 16:52:02,734 - INFO - Nächste Zuteilung: Jenny Schulz (MA06) mit Score 0.40
2025-06-13 16:52:02,736 - INFO - Mitarbeiterdaten erfolgreich geladen
2025-06-13 16:52:02,739 - INFO - Mitarbeiterdaten erfolgreich geladen
2025-06-13 16:52:02,740 - INFO - Verfügbare Mitarbeiter: 6
2025-06-13 16:52:03,204 - INFO - Mitarbeiterdaten erfolgreich geladen
2025-06-13 16:52:03,205 - INFO - Verfügbare Mitarbeiter: 6
2025-06-13 16:52:03,206 - INFO - Alle Mitarbeiter wurden zugewiesen, Liste wird zurückgesetzt
2025-06-13 16:52:03,206 - INFO - Nächste Zuteilung: Clara Meyer (MA05) mit Score 0.80
2025-06-13 16:52:03,209 - INFO - Nächste Person wurde angefordert
2025-06-13 16:52:03,273 - INFO - Mitarbeiterdaten erfolgreich geladen
2025-06-13 16:52:03,274 - INFO - Verfügbare Mitarbeiter: 6
2025-06-13 16:52:03,274 - INFO - Nächste Zuteilung: Dr. Lisa Müller (MA03) mit Score 0.70
2025-06-13 16:52:03,276 - INFO - Mitarbeiterdaten erfolgreich geladen
2025-06-13 16:52:03,279 - INFO - Mitarbeiterdaten erfolgreich geladen
2025-06-13 16:52:03,280 - INFO - Verfügbare Mitarbeiter: 6
2025-06-13 16:52:03,795 - INFO - Mitarbeiterdaten erfolgreich geladen
2025-06-13 16:52:03,796 - INFO - Verfügbare Mitarbeiter: 6
2025-06-13 16:52:03,797 - INFO - Nächste Zuteilung: Dr. Anna Schmidt (MA01) mit Score 0.60
2025-06-13 16:52:03,800 - INFO - Nächste Person wurde angefordert
2025-06-13 16:52:03,871 - INFO - Mitarbeiterdaten erfolgreich geladen
2025-06-13 16:52:03,872 - INFO - Verfügbare Mitarbeiter: 6
2025-06-13 16:52:03,873 - INFO - Nächste Zuteilung: Dr. Thomas Klein (MA04) mit Score 0.48
2025-06-13 16:52:03,875 - INFO - Mitarbeiterdaten erfolgreich geladen
2025-06-13 16:52:03,877 - INFO - Mitarbeiterdaten erfolgreich geladen
2025-06-13 16:52:03,878 - INFO - Verfügbare Mitarbeiter: 6
2025-06-13 16:52:04,459 - INFO - Mitarbeiterdaten erfolgreich geladen
2025-06-13 16:52:04,461 - INFO - Verfügbare Mitarbeiter: 6
2025-06-13 16:52:04,462 - INFO - Nächste Zuteilung: Dr. Max Weber (MA02) mit Score 0.40
2025-06-13 16:52:04,465 - INFO - Nächste Person wurde angefordert
2025-06-13 16:52:04,533 - INFO - Mitarbeiterdaten erfolgreich geladen
2025-06-13 16:52:04,534 - INFO - Verfügbare Mitarbeiter: 6
2025-06-13 16:52:04,534 - INFO - Nächste Zuteilung: Jenny Schulz (MA06) mit Score 0.40
2025-06-13 16:52:04,536 - INFO - Mitarbeiterdaten erfolgreich geladen
2025-06-13 16:52:04,538 - INFO - Mitarbeiterdaten erfolgreich geladen
2025-06-13 16:52:04,539 - INFO - Verfügbare Mitarbeiter: 6
2025-06-13 16:52:05,990 - INFO - Mitarbeiterdaten erfolgreich geladen
2025-06-13 16:52:05,993 - INFO - Verfügbare Mitarbeiter: 6
2025-06-13 16:52:05,993 - INFO - Alle Mitarbeiter wurden zugewiesen, Liste wird zurückgesetzt
2025-06-13 16:52:05,994 - INFO - Nächste Zuteilung: Clara Meyer (MA05) mit Score 0.80
2025-06-13 16:52:05,996 - INFO - Nächste Person wurde angefordert
2025-06-13 16:52:06,050 - INFO - Mitarbeiterdaten erfolgreich geladen
2025-06-13 16:52:06,050 - INFO - Verfügbare Mitarbeiter: 6
2025-06-13 16:52:06,051 - INFO - Nächste Zuteilung: Dr. Lisa Müller (MA03) mit Score 0.70
2025-06-13 16:52:06,053 - INFO - Mitarbeiterdaten erfolgreich geladen
2025-06-13 16:52:06,055 - INFO - Mitarbeiterdaten erfolgreich geladen
2025-06-13 16:52:06,056 - INFO - Verfügbare Mitarbeiter: 6
2025-06-13 16:52:06,780 - INFO - Mitarbeiterdaten erfolgreich geladen
2025-06-13 16:52:06,781 - INFO - Verfügbare Mitarbeiter: 6
2025-06-13 16:52:06,782 - INFO - Nächste Zuteilung: Dr. Anna Schmidt (MA01) mit Score 0.60
2025-06-13 16:52:06,784 - INFO - Nächste Person wurde angefordert
2025-06-13 16:52:06,836 - INFO - Mitarbeiterdaten erfolgreich geladen
2025-06-13 16:52:06,837 - INFO - Verfügbare Mitarbeiter: 6
2025-06-13 16:52:06,837 - INFO - Nächste Zuteilung: Dr. Thomas Klein (MA04) mit Score 0.48
2025-06-13 16:52:06,839 - INFO - Mitarbeiterdaten erfolgreich geladen
2025-06-13 16:52:06,843 - INFO - Mitarbeiterdaten erfolgreich geladen
2025-06-13 16:52:06,843 - INFO - Verfügbare Mitarbeiter: 6
2025-06-13 16:52:36,686 - INFO - Mitarbeiterdaten erfolgreich geladen
2025-06-13 16:52:36,688 - INFO - Verfügbare Mitarbeiter: 6
2025-06-13 16:52:36,688 - INFO - Nächste Zuteilung: Clara Meyer (MA05) mit Score 0.80
2025-06-13 16:52:36,692 - INFO - Mitarbeiterdaten erfolgreich geladen
2025-06-13 16:52:36,698 - INFO - Mitarbeiterdaten erfolgreich geladen
2025-06-13 16:52:36,699 - INFO - Verfügbare Mitarbeiter: 6
2025-06-13 16:52:42,471 - INFO - Mitarbeiterdaten erfolgreich geladen
2025-06-13 16:52:42,472 - INFO - Verfügbare Mitarbeiter: 6
2025-06-13 16:52:42,473 - INFO - Nächste Zuteilung: Dr. Lisa Müller (MA03) mit Score 0.70
2025-06-13 16:52:42,475 - INFO - Mitarbeiterdaten erfolgreich geladen
2025-06-13 16:52:42,481 - INFO - Mitarbeiterdaten erfolgreich geladen
2025-06-13 16:52:42,482 - INFO - Verfügbare Mitarbeiter: 6
2025-06-13 16:52:44,697 - INFO - Mitarbeiterdaten erfolgreich geladen
2025-06-13 16:52:44,706 - INFO - Mitarbeiterdaten erfolgreich geladen
2025-06-13 16:52:44,707 - INFO - Verfügbare Mitarbeiter: 6
2025-06-13 16:53:16,093 - INFO - Mitarbeiterdaten erfolgreich geladen
2025-06-13 16:53:16,094 - INFO - Mitarbeiterdaten erfolgreich geladen
2025-06-13 16:53:16,095 - INFO - Verfügbare Mitarbeiter: 6
2025-06-13 16:53:16,095 - INFO - Nächste Zuteilung: Dr. Anna Schmidt (MA01) mit Score 0.60
2025-06-13 16:53:21,944 - INFO - Mitarbeiterdaten erfolgreich geladen
2025-06-13 16:53:21,948 - INFO - Mitarbeiterdaten erfolgreich geladen
2025-06-13 16:53:21,949 - INFO - Verfügbare Mitarbeiter: 6
2025-06-13 16:53:21,950 - INFO - Nächste Zuteilung: Dr. Thomas Klein (MA04) mit Score 0.48
2025-06-13 16:53:21,994 - INFO - Mitarbeiterdaten erfolgreich geladen
2025-06-13 16:53:21,995 - INFO - Mitarbeiterdaten erfolgreich geladen
2025-06-13 16:53:21,996 - INFO - Verfügbare Mitarbeiter: 6
2025-06-13 16:53:21,996 - INFO - Nächste Zuteilung: Dr. Max Weber (MA02) mit Score 0.40
2025-06-13 16:53:25,397 - INFO - Mitarbeiterdaten erfolgreich geladen
2025-06-13 16:53:25,400 - INFO - Mitarbeiterdaten erfolgreich geladen
2025-06-13 16:53:25,402 - INFO - Verfügbare Mitarbeiter: 6
2025-06-13 16:53:25,402 - INFO - Alle Mitarbeiter wurden zugewiesen, Liste wird zurückgesetzt
2025-06-13 16:53:25,403 - INFO - Nächste Zuteilung: Clara Meyer (MA05) mit Score 0.80
2025-06-13 16:53:25,446 - INFO - Mitarbeiterdaten erfolgreich geladen
2025-06-13 16:53:25,447 - INFO - Mitarbeiterdaten erfolgreich geladen
2025-06-13 16:53:25,448 - INFO - Verfügbare Mitarbeiter: 6
2025-06-13 16:53:25,448 - INFO - Nächste Zuteilung: Dr. Lisa Müller (MA03) mit Score 0.70
2025-06-13 16:53:27,165 - INFO - Mitarbeiterdaten erfolgreich geladen
2025-06-13 16:53:27,166 - INFO - Mitarbeiterdaten erfolgreich geladen
2025-06-13 16:53:27,167 - INFO - Verfügbare Mitarbeiter: 6
2025-06-13 16:53:27,167 - INFO - Nächste Zuteilung: Dr. Anna Schmidt (MA01) mit Score 0.60
2025-06-13 16:53:27,203 - INFO - Mitarbeiterdaten erfolgreich geladen
2025-06-13 16:53:27,204 - INFO - Mitarbeiterdaten erfolgreich geladen
2025-06-13 16:53:27,205 - INFO - Verfügbare Mitarbeiter: 6
2025-06-13 16:53:27,205 - INFO - Nächste Zuteilung: Dr. Thomas Klein (MA04) mit Score 0.48
2025-06-13 16:53:27,941 - INFO - Mitarbeiterdaten erfolgreich geladen
2025-06-13 16:53:27,944 - INFO - Mitarbeiterdaten erfolgreich geladen
2025-06-13 16:53:27,945 - INFO - Verfügbare Mitarbeiter: 6
2025-06-13 16:53:27,945 - INFO - Alle Mitarbeiter wurden zugewiesen, Liste wird zurückgesetzt
2025-06-13 16:53:27,946 - INFO - Nächste Zuteilung: Clara Meyer (MA05) mit Score 0.80
2025-06-13 16:53:27,994 - INFO - Mitarbeiterdaten erfolgreich geladen
2025-06-13 16:53:27,995 - INFO - Mitarbeiterdaten erfolgreich geladen
2025-06-13 16:53:27,996 - INFO - Verfügbare Mitarbeiter: 6
2025-06-13 16:53:27,996 - INFO - Nächste Zuteilung: Dr. Lisa Müller (MA03) mit Score 0.70
2025-06-13 16:53:30,903 - INFO - Mitarbeiterdaten erfolgreich geladen
2025-06-13 16:53:30,913 - INFO - Mitarbeiterdaten erfolgreich geladen
2025-06-13 16:53:30,914 - INFO - Verfügbare Mitarbeiter: 6
2025-06-13 16:53:34,220 - INFO - Mitarbeiterdaten erfolgreich geladen
2025-06-13 16:53:34,227 - INFO - Mitarbeiterdaten erfolgreich geladen
2025-06-13 16:53:34,228 - INFO - Verfügbare Mitarbeiter: 6
2025-06-13 16:53:34,767 - INFO - Mitarbeiterdaten erfolgreich geladen
2025-06-13 16:53:34,772 - INFO - Mitarbeiterdaten erfolgreich gespeichert
2025-06-13 16:53:34,772 - INFO - Status aktualisiert für Dr. Anna Schmidt: Wetter von Normal zu Normal, Regenschirm von nan zu True
2025-06-13 16:53:34,779 - INFO - Mitarbeiterdaten erfolgreich geladen
2025-06-13 16:53:34,780 - INFO - Verfügbare Mitarbeiter: 6
2025-06-13 16:53:37,382 - INFO - Mitarbeiterdaten erfolgreich geladen
2025-06-13 16:53:37,384 - INFO - Mitarbeiterdaten erfolgreich geladen
2025-06-13 16:53:37,385 - INFO - Verfügbare Mitarbeiter: 6
2025-06-13 16:53:37,386 - INFO - Nächste Zuteilung: Dr. Anna Schmidt (MA01) mit Score 0.60
2025-06-13 16:53:38,965 - INFO - Mitarbeiterdaten erfolgreich geladen
2025-06-13 16:53:38,968 - INFO - Mitarbeiterdaten erfolgreich geladen
2025-06-13 16:53:38,970 - INFO - Verfügbare Mitarbeiter: 6
2025-06-13 16:53:38,970 - INFO - Nächste Zuteilung: Dr. Thomas Klein (MA04) mit Score 0.48
2025-06-13 16:53:39,016 - INFO - Mitarbeiterdaten erfolgreich geladen
2025-06-13 16:53:39,017 - INFO - Mitarbeiterdaten erfolgreich geladen
2025-06-13 16:53:39,018 - INFO - Verfügbare Mitarbeiter: 6
2025-06-13 16:53:39,018 - INFO - Alle Mitarbeiter wurden zugewiesen, Liste wird zurückgesetzt
2025-06-13 16:53:39,019 - INFO - Nächste Zuteilung: Clara Meyer (MA05) mit Score 0.80
2025-06-13 16:54:01,283 - INFO - Mitarbeiterdaten erfolgreich geladen
2025-06-13 16:54:01,285 - INFO - Mitarbeiterdaten erfolgreich geladen
2025-06-13 16:54:01,286 - INFO - Verfügbare Mitarbeiter: 6
2025-06-13 16:54:01,287 - INFO - Nächste Zuteilung: Dr. Lisa Müller (MA03) mit Score 0.70
2025-06-13 16:54:01,328 - INFO - Mitarbeiterdaten erfolgreich geladen
2025-06-13 16:54:01,329 - INFO - Mitarbeiterdaten erfolgreich geladen
2025-06-13 16:54:01,330 - INFO - Verfügbare Mitarbeiter: 6
2025-06-13 16:54:01,330 - INFO - Nächste Zuteilung: Dr. Anna Schmidt (MA01) mit Score 0.60
2025-06-13 16:54:05,896 - INFO - Mitarbeiterdaten erfolgreich geladen
2025-06-13 16:54:05,899 - INFO - Mitarbeiterdaten erfolgreich geladen
2025-06-13 16:54:05,900 - INFO - Verfügbare Mitarbeiter: 6
2025-06-13 16:54:05,900 - INFO - Nächste Zuteilung: Dr. Thomas Klein (MA04) mit Score 0.48
2025-06-13 16:54:18,388 - INFO - Mitarbeiterdaten erfolgreich geladen
2025-06-13 16:54:18,392 - INFO - Mitarbeiterdaten erfolgreich geladen
2025-06-13 16:54:18,393 - INFO - Verfügbare Mitarbeiter: 6
2025-06-13 16:54:18,393 - INFO - Nächste Zuteilung: Dr. Max Weber (MA02) mit Score 0.40
2025-06-13 16:54:18,467 - INFO - Mitarbeiterdaten erfolgreich geladen
2025-06-13 16:54:18,468 - INFO - Mitarbeiterdaten erfolgreich geladen
2025-06-13 16:54:18,468 - INFO - Verfügbare Mitarbeiter: 6
2025-06-13 16:54:18,468 - INFO - Alle Mitarbeiter wurden zugewiesen, Liste wird zurückgesetzt
2025-06-13 16:54:18,468 - INFO - Nächste Zuteilung: Clara Meyer (MA05) mit Score 0.80
2025-06-13 16:54:20,655 - INFO - Mitarbeiterdaten erfolgreich geladen
2025-06-13 16:54:20,658 - INFO - Mitarbeiterdaten erfolgreich geladen
2025-06-13 16:54:20,659 - INFO - Verfügbare Mitarbeiter: 6
2025-06-13 16:54:20,660 - INFO - Nächste Zuteilung: Dr. Lisa Müller (MA03) mit Score 0.70
2025-06-13 16:54:20,710 - INFO - Mitarbeiterdaten erfolgreich geladen
2025-06-13 16:54:20,712 - INFO - Mitarbeiterdaten erfolgreich geladen
2025-06-13 16:54:20,713 - INFO - Verfügbare Mitarbeiter: 6
2025-06-13 16:54:20,713 - INFO - Nächste Zuteilung: Dr. Anna Schmidt (MA01) mit Score 0.60
2025-06-13 16:54:21,693 - INFO - Mitarbeiterdaten erfolgreich geladen
2025-06-13 16:54:21,696 - INFO - Mitarbeiterdaten erfolgreich geladen
2025-06-13 16:54:21,697 - INFO - Verfügbare Mitarbeiter: 6
2025-06-13 16:54:21,698 - INFO - Nächste Zuteilung: Dr. Thomas Klein (MA04) mit Score 0.48
2025-06-13 16:54:21,748 - INFO - Mitarbeiterdaten erfolgreich geladen
2025-06-13 16:54:21,749 - INFO - Mitarbeiterdaten erfolgreich geladen
2025-06-13 16:54:21,750 - INFO - Verfügbare Mitarbeiter: 6
2025-06-13 16:54:21,750 - INFO - Alle Mitarbeiter wurden zugewiesen, Liste wird zurückgesetzt
2025-06-13 16:54:21,750 - INFO - Nächste Zuteilung: Clara Meyer (MA05) mit Score 0.80
2025-06-13 16:54:24,732 - INFO - Mitarbeiterdaten erfolgreich geladen
2025-06-13 16:54:24,736 - INFO - Mitarbeiterdaten erfolgreich geladen
2025-06-13 16:54:24,737 - INFO - Verfügbare Mitarbeiter: 6
2025-06-13 16:54:24,738 - INFO - Nächste Zuteilung: Dr. Lisa Müller (MA03) mit Score 0.70
2025-06-13 16:54:39,979 - INFO - Mitarbeiterdaten erfolgreich geladen
2025-06-13 16:54:39,981 - INFO - Mitarbeiterdaten erfolgreich geladen
2025-06-13 16:54:39,982 - INFO - Verfügbare Mitarbeiter: 6
2025-06-13 16:54:39,982 - INFO - Nächste Zuteilung: Dr. Anna Schmidt (MA01) mit Score 0.60
2025-06-13 16:54:43,007 - INFO - Mitarbeiterdaten erfolgreich geladen
2025-06-13 16:54:43,011 - INFO - Mitarbeiterdaten erfolgreich geladen
2025-06-13 16:54:43,014 - INFO - Verfügbare Mitarbeiter: 6
2025-06-13 16:54:43,015 - INFO - Nächste Zuteilung: Dr. Thomas Klein (MA04) mit Score 0.48
2025-06-13 16:54:43,063 - INFO - Mitarbeiterdaten erfolgreich geladen
2025-06-13 16:54:43,064 - INFO - Mitarbeiterdaten erfolgreich geladen
2025-06-13 16:54:43,065 - INFO - Verfügbare Mitarbeiter: 6
2025-06-13 16:54:43,065 - INFO - Nächste Zuteilung: Dr. Max Weber (MA02) mit Score 0.40
2025-06-13 16:54:49,878 - INFO - Mitarbeiterdaten erfolgreich geladen
2025-06-13 16:54:49,881 - INFO - Mitarbeiterdaten erfolgreich geladen
2025-06-13 16:54:49,882 - INFO - Verfügbare Mitarbeiter: 6
2025-06-13 16:54:49,882 - INFO - Alle Mitarbeiter wurden zugewiesen, Liste wird zurückgesetzt
2025-06-13 16:54:49,884 - INFO - Nächste Zuteilung: Clara Meyer (MA05) mit Score 0.80
2025-06-13 16:54:49,932 - INFO - Mitarbeiterdaten erfolgreich geladen
2025-06-13 16:54:49,934 - INFO - Mitarbeiterdaten erfolgreich geladen
2025-06-13 16:54:49,934 - INFO - Verfügbare Mitarbeiter: 6
2025-06-13 16:54:49,934 - INFO - Nächste Zuteilung: Dr. Lisa Müller (MA03) mit Score 0.70
2025-06-13 16:54:50,641 - INFO - Mitarbeiterdaten erfolgreich geladen
2025-06-13 16:54:50,644 - INFO - Mitarbeiterdaten erfolgreich geladen
2025-06-13 16:54:50,645 - INFO - Verfügbare Mitarbeiter: 6
2025-06-13 16:54:50,646 - INFO - Nächste Zuteilung: Dr. Anna Schmidt (MA01) mit Score 0.60
2025-06-13 16:54:50,696 - INFO - Mitarbeiterdaten erfolgreich geladen
2025-06-13 16:54:50,698 - INFO - Mitarbeiterdaten erfolgreich geladen
2025-06-13 16:54:50,698 - INFO - Verfügbare Mitarbeiter: 6
2025-06-13 16:54:50,698 - INFO - Nächste Zuteilung: Dr. Thomas Klein (MA04) mit Score 0.48
2025-06-13 16:54:51,204 - INFO - Mitarbeiterdaten erfolgreich geladen
2025-06-13 16:54:51,207 - INFO - Mitarbeiterdaten erfolgreich geladen
2025-06-13 16:54:51,208 - INFO - Verfügbare Mitarbeiter: 6
2025-06-13 16:54:51,208 - INFO - Alle Mitarbeiter wurden zugewiesen, Liste wird zurückgesetzt
2025-06-13 16:54:51,208 - INFO - Nächste Zuteilung: Clara Meyer (MA05) mit Score 0.80
2025-06-13 16:54:51,248 - INFO - Mitarbeiterdaten erfolgreich geladen
2025-06-13 16:54:51,250 - INFO - Mitarbeiterdaten erfolgreich geladen
2025-06-13 16:54:51,250 - INFO - Verfügbare Mitarbeiter: 6
2025-06-13 16:54:51,250 - INFO - Nächste Zuteilung: Dr. Lisa Müller (MA03) mit Score 0.70
2025-06-13 16:55:30,969 - INFO - Mitarbeiterdaten erfolgreich geladen
2025-06-13 16:55:30,971 - INFO - Mitarbeiterdaten erfolgreich geladen
2025-06-13 16:55:30,972 - INFO - Verfügbare Mitarbeiter: 6
2025-06-13 16:55:30,972 - INFO - Nächste Zuteilung: Dr. Anna Schmidt (MA01) mit Score 0.60
2025-06-13 16:56:16,164 - INFO - Mitarbeiterdaten erfolgreich geladen
2025-06-13 16:56:16,166 - INFO - Mitarbeiterdaten erfolgreich geladen
2025-06-13 16:56:16,166 - INFO - Verfügbare Mitarbeiter: 6
2025-06-13 16:56:16,166 - INFO - Nächste Zuteilung: Clara Meyer (MA05) mit Score 0.80
2025-06-13 16:56:24,963 - INFO - Mitarbeiterdaten erfolgreich geladen
2025-06-13 16:56:24,965 - INFO - Mitarbeiterdaten erfolgreich geladen
2025-06-13 16:56:24,966 - INFO - Verfügbare Mitarbeiter: 6
2025-06-13 16:56:24,966 - INFO - Nächste Zuteilung: Dr. Lisa Müller (MA03) mit Score 0.70
2025-06-13 16:56:25,016 - INFO - Mitarbeiterdaten erfolgreich geladen
2025-06-13 16:56:25,017 - INFO - Mitarbeiterdaten erfolgreich geladen
2025-06-13 16:56:25,017 - INFO - Verfügbare Mitarbeiter: 6
2025-06-13 16:56:25,017 - INFO - Nächste Zuteilung: Dr. Anna Schmidt (MA01) mit Score 0.60
2025-06-13 16:56:29,820 - INFO - Mitarbeiterdaten erfolgreich geladen
2025-06-13 16:56:29,823 - INFO - Mitarbeiterdaten erfolgreich geladen
2025-06-13 16:56:29,824 - INFO - Verfügbare Mitarbeiter: 6
2025-06-13 16:56:29,825 - INFO - Nächste Zuteilung: Dr. Thomas Klein (MA04) mit Score 0.48
2025-06-13 16:56:29,868 - INFO - Mitarbeiterdaten erfolgreich geladen
2025-06-13 16:56:29,870 - INFO - Mitarbeiterdaten erfolgreich geladen
2025-06-13 16:56:29,871 - INFO - Verfügbare Mitarbeiter: 6
2025-06-13 16:56:29,871 - INFO - Alle Mitarbeiter wurden zugewiesen, Liste wird zurückgesetzt
2025-06-13 16:56:29,871 - INFO - Nächste Zuteilung: Clara Meyer (MA05) mit Score 0.80
2025-06-13 16:56:31,739 - INFO - Mitarbeiterdaten erfolgreich geladen
2025-06-13 16:56:31,742 - INFO - Mitarbeiterdaten erfolgreich geladen
2025-06-13 16:56:31,744 - INFO - Verfügbare Mitarbeiter: 6
2025-06-13 16:56:31,744 - INFO - Nächste Zuteilung: Dr. Lisa Müller (MA03) mit Score 0.70
2025-06-13 16:56:31,791 - INFO - Mitarbeiterdaten erfolgreich geladen
2025-06-13 16:56:31,793 - INFO - Mitarbeiterdaten erfolgreich geladen
2025-06-13 16:56:31,793 - INFO - Verfügbare Mitarbeiter: 6
2025-06-13 16:56:31,793 - INFO - Nächste Zuteilung: Dr. Anna Schmidt (MA01) mit Score 0.60
2025-06-13 16:56:33,991 - INFO - Mitarbeiterdaten erfolgreich geladen
2025-06-13 16:56:33,995 - INFO - Mitarbeiterdaten erfolgreich geladen
2025-06-13 16:56:33,996 - INFO - Verfügbare Mitarbeiter: 6
2025-06-13 16:56:33,997 - INFO - Nächste Zuteilung: Dr. Thomas Klein (MA04) mit Score 0.48
2025-06-13 16:56:34,042 - INFO - Mitarbeiterdaten erfolgreich geladen
2025-06-13 16:56:34,044 - INFO - Mitarbeiterdaten erfolgreich geladen
2025-06-13 16:56:34,044 - INFO - Verfügbare Mitarbeiter: 6
2025-06-13 16:56:34,044 - INFO - Alle Mitarbeiter wurden zugewiesen, Liste wird zurückgesetzt
2025-06-13 16:56:34,045 - INFO - Nächste Zuteilung: Clara Meyer (MA05) mit Score 0.80
2025-06-13 16:56:35,023 - INFO - Mitarbeiterdaten erfolgreich geladen
2025-06-13 16:56:35,027 - INFO - Mitarbeiterdaten erfolgreich geladen
2025-06-13 16:56:35,028 - INFO - Verfügbare Mitarbeiter: 6
2025-06-13 16:56:35,028 - INFO - Nächste Zuteilung: Dr. Lisa Müller (MA03) mit Score 0.70
2025-06-13 16:56:35,076 - INFO - Mitarbeiterdaten erfolgreich geladen
2025-06-13 16:56:35,077 - INFO - Mitarbeiterdaten erfolgreich geladen
2025-06-13 16:56:35,078 - INFO - Verfügbare Mitarbeiter: 6
2025-06-13 16:56:35,078 - INFO - Nächste Zuteilung: Dr. Anna Schmidt (MA01) mit Score 0.60
2025-06-13 16:56:37,232 - INFO - Mitarbeiterdaten erfolgreich geladen
2025-06-13 16:56:37,235 - INFO - Mitarbeiterdaten erfolgreich geladen
2025-06-13 16:56:37,236 - INFO - Verfügbare Mitarbeiter: 6
2025-06-13 16:56:37,236 - INFO - Nächste Zuteilung: Dr. Thomas Klein (MA04) mit Score 0.48
2025-06-13 16:56:37,279 - INFO - Mitarbeiterdaten erfolgreich geladen
2025-06-13 16:56:37,281 - INFO - Mitarbeiterdaten erfolgreich geladen
2025-06-13 16:56:37,281 - INFO - Verfügbare Mitarbeiter: 6
2025-06-13 16:56:37,281 - INFO - Alle Mitarbeiter wurden zugewiesen, Liste wird zurückgesetzt
2025-06-13 16:56:37,281 - INFO - Nächste Zuteilung: Clara Meyer (MA05) mit Score 0.80
2025-06-13 16:56:41,340 - INFO - Mitarbeiterdaten erfolgreich geladen
2025-06-13 16:56:41,346 - INFO - Mitarbeiterdaten erfolgreich geladen
2025-06-13 16:56:41,348 - INFO - Verfügbare Mitarbeiter: 6
2025-06-13 16:56:41,349 - INFO - Nächste Zuteilung: Dr. Lisa Müller (MA03) mit Score 0.70
2025-06-13 16:56:41,411 - INFO - Mitarbeiterdaten erfolgreich geladen
2025-06-13 16:56:41,413 - INFO - Mitarbeiterdaten erfolgreich geladen
2025-06-13 16:56:41,414 - INFO - Verfügbare Mitarbeiter: 6
2025-06-13 16:56:41,414 - INFO - Nächste Zuteilung: Dr. Anna Schmidt (MA01) mit Score 0.60
2025-06-13 16:56:41,579 - INFO - Mitarbeiterdaten erfolgreich geladen
2025-06-13 16:56:41,581 - INFO - Mitarbeiterdaten erfolgreich geladen
2025-06-13 16:56:41,581 - INFO - Verfügbare Mitarbeiter: 6
2025-06-13 16:56:41,581 - INFO - Nächste Zuteilung: Dr. Thomas Klein (MA04) mit Score 0.48
2025-06-13 16:56:41,614 - INFO - Mitarbeiterdaten erfolgreich geladen
2025-06-13 16:56:41,616 - INFO - Mitarbeiterdaten erfolgreich geladen
2025-06-13 16:56:41,616 - INFO - Verfügbare Mitarbeiter: 6
2025-06-13 16:56:41,616 - INFO - Alle Mitarbeiter wurden zugewiesen, Liste wird zurückgesetzt
2025-06-13 16:56:41,617 - INFO - Nächste Zuteilung: Clara Meyer (MA05) mit Score 0.80
2025-06-13 16:56:41,757 - INFO - Mitarbeiterdaten erfolgreich geladen
2025-06-13 16:56:41,758 - INFO - Mitarbeiterdaten erfolgreich geladen
2025-06-13 16:56:41,758 - INFO - Verfügbare Mitarbeiter: 6
2025-06-13 16:56:41,758 - INFO - Nächste Zuteilung: Dr. Lisa Müller (MA03) mit Score 0.70
2025-06-13 16:56:41,789 - INFO - Mitarbeiterdaten erfolgreich geladen
2025-06-13 16:56:41,790 - INFO - Mitarbeiterdaten erfolgreich geladen
2025-06-13 16:56:41,791 - INFO - Verfügbare Mitarbeiter: 6
2025-06-13 16:56:41,791 - INFO - Nächste Zuteilung: Dr. Anna Schmidt (MA01) mit Score 0.60
2025-06-13 16:56:45,895 - INFO - Mitarbeiterdaten erfolgreich geladen
2025-06-13 16:56:45,903 - INFO - Mitarbeiterdaten erfolgreich geladen
2025-06-13 16:56:45,905 - INFO - Verfügbare Mitarbeiter: 6
2025-06-13 16:56:48,806 - INFO - Mitarbeiterdaten erfolgreich geladen
2025-06-13 16:56:48,814 - INFO - Mitarbeiterdaten erfolgreich geladen
2025-06-13 16:56:48,816 - INFO - Verfügbare Mitarbeiter: 6
2025-06-13 16:56:49,236 - INFO - Mitarbeiterdaten erfolgreich geladen
2025-06-13 16:56:49,243 - INFO - Mitarbeiterdaten erfolgreich gespeichert
2025-06-13 16:56:49,244 - INFO - Status aktualisiert für Dr. Anna Schmidt: Wetter von Normal zu Normal, Regenschirm von nan zu True
2025-06-13 16:56:49,252 - INFO - Mitarbeiterdaten erfolgreich geladen
2025-06-13 16:56:49,253 - INFO - Verfügbare Mitarbeiter: 6
2025-06-13 16:57:23,884 - INFO - Mitarbeiterdaten erfolgreich geladen
2025-06-13 16:57:23,893 - INFO - Mitarbeiterdaten erfolgreich geladen
2025-06-13 16:57:23,895 - INFO - Verfügbare Mitarbeiter: 6
2025-06-13 16:57:25,805 - INFO - Mitarbeiterdaten erfolgreich geladen
2025-06-13 16:57:25,812 - INFO - Mitarbeiterdaten erfolgreich gespeichert
2025-06-13 16:57:25,813 - INFO - Status aktualisiert für Dr. Anna Schmidt: Wetter von Normal zu Normal, Regenschirm von nan zu True
2025-06-13 16:57:25,819 - INFO - Mitarbeiterdaten erfolgreich geladen
2025-06-13 16:57:25,821 - INFO - Verfügbare Mitarbeiter: 6
2025-06-13 16:57:29,322 - INFO - Mitarbeiterdaten erfolgreich geladen
2025-06-13 16:57:29,326 - INFO - Mitarbeiterdaten erfolgreich geladen
2025-06-13 16:57:29,327 - INFO - Verfügbare Mitarbeiter: 6
2025-06-13 16:57:29,328 - INFO - Nächste Zuteilung: Dr. Thomas Klein (MA04) mit Score 0.48
2025-06-13 16:57:31,827 - INFO - Mitarbeiterdaten erfolgreich geladen
2025-06-13 16:57:31,830 - INFO - Mitarbeiterdaten erfolgreich geladen
2025-06-13 16:57:31,831 - INFO - Verfügbare Mitarbeiter: 6
2025-06-13 16:57:31,831 - INFO - Nächste Zuteilung: Dr. Max Weber (MA02) mit Score 0.40
2025-06-13 16:57:31,876 - INFO - Mitarbeiterdaten erfolgreich geladen
2025-06-13 16:57:31,878 - INFO - Mitarbeiterdaten erfolgreich geladen
2025-06-13 16:57:31,878 - INFO - Verfügbare Mitarbeiter: 6
2025-06-13 16:57:31,878 - INFO - Alle Mitarbeiter wurden zugewiesen, Liste wird zurückgesetzt
2025-06-13 16:57:31,879 - INFO - Nächste Zuteilung: Clara Meyer (MA05) mit Score 0.80
2025-06-13 16:57:32,663 - INFO - Mitarbeiterdaten erfolgreich geladen
2025-06-13 16:57:32,667 - INFO - Mitarbeiterdaten erfolgreich geladen
2025-06-13 16:57:32,668 - INFO - Verfügbare Mitarbeiter: 6
2025-06-13 16:57:32,668 - INFO - Nächste Zuteilung: Dr. Lisa Müller (MA03) mit Score 0.70
2025-06-13 16:57:32,716 - INFO - Mitarbeiterdaten erfolgreich geladen
2025-06-13 16:57:32,718 - INFO - Mitarbeiterdaten erfolgreich geladen
2025-06-13 16:57:32,719 - INFO - Verfügbare Mitarbeiter: 6
2025-06-13 16:57:32,719 - INFO - Nächste Zuteilung: Dr. Anna Schmidt (MA01) mit Score 0.60
2025-06-13 16:57:35,622 - INFO - Mitarbeiterdaten erfolgreich geladen
2025-06-13 16:57:35,626 - INFO - Mitarbeiterdaten erfolgreich geladen
2025-06-13 16:57:35,628 - INFO - Verfügbare Mitarbeiter: 6
2025-06-13 16:57:35,629 - INFO - Nächste Zuteilung: Dr. Thomas Klein (MA04) mit Score 0.48
2025-06-13 16:57:35,669 - INFO - Mitarbeiterdaten erfolgreich geladen
2025-06-13 16:57:35,671 - INFO - Mitarbeiterdaten erfolgreich geladen
2025-06-13 16:57:35,672 - INFO - Verfügbare Mitarbeiter: 6
2025-06-13 16:57:35,672 - INFO - Alle Mitarbeiter wurden zugewiesen, Liste wird zurückgesetzt
2025-06-13 16:57:35,672 - INFO - Nächste Zuteilung: Clara Meyer (MA05) mit Score 0.80
2025-06-13 16:57:37,273 - INFO - Mitarbeiterdaten erfolgreich geladen
2025-06-13 16:57:37,277 - INFO - Mitarbeiterdaten erfolgreich geladen
2025-06-13 16:57:37,278 - INFO - Verfügbare Mitarbeiter: 6
2025-06-13 16:57:37,279 - INFO - Nächste Zuteilung: Dr. Lisa Müller (MA03) mit Score 0.70
2025-06-13 16:57:37,323 - INFO - Mitarbeiterdaten erfolgreich geladen
2025-06-13 16:57:37,324 - INFO - Mitarbeiterdaten erfolgreich geladen
2025-06-13 16:57:37,324 - INFO - Verfügbare Mitarbeiter: 6
2025-06-13 16:57:37,325 - INFO - Nächste Zuteilung: Dr. Anna Schmidt (MA01) mit Score 0.60
2025-06-13 16:57:38,586 - INFO - Mitarbeiterdaten erfolgreich geladen
2025-06-13 16:57:38,589 - INFO - Mitarbeiterdaten erfolgreich geladen
2025-06-13 16:57:38,590 - INFO - Verfügbare Mitarbeiter: 6
2025-06-13 16:57:38,591 - INFO - Nächste Zuteilung: Dr. Thomas Klein (MA04) mit Score 0.48
2025-06-13 16:57:38,633 - INFO - Mitarbeiterdaten erfolgreich geladen
2025-06-13 16:57:38,635 - INFO - Mitarbeiterdaten erfolgreich geladen
2025-06-13 16:57:38,636 - INFO - Verfügbare Mitarbeiter: 6
2025-06-13 16:57:38,636 - INFO - Alle Mitarbeiter wurden zugewiesen, Liste wird zurückgesetzt
2025-06-13 16:57:38,636 - INFO - Nächste Zuteilung: Clara Meyer (MA05) mit Score 0.80
2025-06-13 16:57:41,503 - INFO - Mitarbeiterdaten erfolgreich geladen
2025-06-13 16:57:41,507 - INFO - Mitarbeiterdaten erfolgreich geladen
2025-06-13 16:57:41,508 - INFO - Verfügbare Mitarbeiter: 6
2025-06-13 16:57:41,509 - INFO - Nächste Zuteilung: Dr. Lisa Müller (MA03) mit Score 0.70
2025-06-13 16:57:41,557 - INFO - Mitarbeiterdaten erfolgreich geladen
2025-06-13 16:57:41,558 - INFO - Mitarbeiterdaten erfolgreich geladen
2025-06-13 16:57:41,559 - INFO - Verfügbare Mitarbeiter: 6
2025-06-13 16:57:41,559 - INFO - Nächste Zuteilung: Dr. Anna Schmidt (MA01) mit Score 0.60
2025-06-13 16:57:48,322 - INFO - Mitarbeiterdaten erfolgreich geladen
2025-06-13 16:57:48,332 - INFO - Mitarbeiterdaten erfolgreich geladen
2025-06-13 16:57:48,333 - INFO - Verfügbare Mitarbeiter: 6
2025-06-13 16:57:49,872 - INFO - Mitarbeiterdaten erfolgreich geladen
2025-06-13 16:57:49,882 - INFO - Mitarbeiterdaten erfolgreich geladen
2025-06-13 16:57:49,883 - INFO - Verfügbare Mitarbeiter: 6
2025-06-13 16:57:50,316 - INFO - Mitarbeiterdaten erfolgreich geladen
2025-06-13 16:57:50,321 - INFO - Mitarbeiterdaten erfolgreich gespeichert
2025-06-13 16:57:50,321 - INFO - Status aktualisiert für Dr. Anna Schmidt: Wetter von Normal zu Normal, Regenschirm von nan zu True
2025-06-13 16:57:50,329 - INFO - Mitarbeiterdaten erfolgreich geladen
2025-06-13 16:57:50,330 - INFO - Verfügbare Mitarbeiter: 6
2025-06-13 16:57:53,242 - INFO - Mitarbeiterdaten erfolgreich geladen
2025-06-13 16:57:53,251 - INFO - Mitarbeiterdaten erfolgreich geladen
2025-06-13 16:57:53,253 - INFO - Verfügbare Mitarbeiter: 6
2025-06-13 16:57:57,929 - INFO - Mitarbeiterdaten erfolgreich geladen
2025-06-13 16:57:57,938 - INFO - Mitarbeiterdaten erfolgreich geladen
2025-06-13 16:57:57,940 - INFO - Verfügbare Mitarbeiter: 6
2025-06-13 16:58:00,698 - INFO - Mitarbeiterdaten erfolgreich geladen
2025-06-13 16:58:00,704 - INFO - Mitarbeiterdaten erfolgreich gespeichert
2025-06-13 16:58:00,704 - INFO - Status aktualisiert für Dr. Anna Schmidt: Wetter von Normal zu Normal, Regenschirm von nan zu True
2025-06-13 16:58:00,712 - INFO - Mitarbeiterdaten erfolgreich geladen
2025-06-13 16:58:00,714 - INFO - Verfügbare Mitarbeiter: 6
2025-06-13 16:58:04,568 - INFO - Mitarbeiterdaten erfolgreich geladen
2025-06-13 16:58:04,572 - INFO - Mitarbeiterdaten erfolgreich geladen
2025-06-13 16:58:04,573 - INFO - Verfügbare Mitarbeiter: 6
2025-06-13 16:58:04,574 - INFO - Nächste Zuteilung: Dr. Thomas Klein (MA04) mit Score 0.48
2025-06-13 16:58:10,562 - INFO - Mitarbeiterdaten erfolgreich geladen
2025-06-13 16:58:10,566 - INFO - Mitarbeiterdaten erfolgreich geladen
2025-06-13 16:58:10,568 - INFO - Verfügbare Mitarbeiter: 6
2025-06-13 16:58:10,569 - INFO - Nächste Zuteilung: Dr. Max Weber (MA02) mit Score 0.40
2025-06-13 16:58:10,619 - INFO - Mitarbeiterdaten erfolgreich geladen
2025-06-13 16:58:10,621 - INFO - Mitarbeiterdaten erfolgreich geladen
2025-06-13 16:58:10,622 - INFO - Verfügbare Mitarbeiter: 6
2025-06-13 16:58:10,622 - INFO - Alle Mitarbeiter wurden zugewiesen, Liste wird zurückgesetzt
2025-06-13 16:58:10,622 - INFO - Nächste Zuteilung: Clara Meyer (MA05) mit Score 0.80
2025-06-13 16:58:48,013 - INFO - Mitarbeiterdaten erfolgreich geladen
2025-06-13 16:58:48,016 - INFO - Mitarbeiterdaten erfolgreich geladen
2025-06-13 16:58:48,017 - INFO - Verfügbare Mitarbeiter: 6
2025-06-13 16:58:48,017 - INFO - Nächste Zuteilung: Dr. Lisa Müller (MA03) mit Score 0.70
2025-06-13 16:58:48,059 - INFO - Mitarbeiterdaten erfolgreich geladen
2025-06-13 16:58:48,061 - INFO - Mitarbeiterdaten erfolgreich geladen
2025-06-13 16:58:48,062 - INFO - Verfügbare Mitarbeiter: 6
2025-06-13 16:58:48,062 - INFO - Nächste Zuteilung: Dr. Anna Schmidt (MA01) mit Score 0.60
2025-06-13 16:58:49,104 - INFO - Mitarbeiterdaten erfolgreich geladen
2025-06-13 16:58:49,106 - INFO - Mitarbeiterdaten erfolgreich geladen
2025-06-13 16:58:49,106 - INFO - Verfügbare Mitarbeiter: 6
2025-06-13 16:58:49,106 - INFO - Nächste Zuteilung: Dr. Thomas Klein (MA04) mit Score 0.48
2025-06-13 16:58:49,146 - INFO - Mitarbeiterdaten erfolgreich geladen
2025-06-13 16:58:49,147 - INFO - Mitarbeiterdaten erfolgreich geladen
2025-06-13 16:58:49,148 - INFO - Verfügbare Mitarbeiter: 6
2025-06-13 16:58:49,148 - INFO - Alle Mitarbeiter wurden zugewiesen, Liste wird zurückgesetzt
2025-06-13 16:58:49,148 - INFO - Nächste Zuteilung: Clara Meyer (MA05) mit Score 0.80
2025-06-13 16:59:00,762 - INFO - Mitarbeiterdaten erfolgreich geladen
2025-06-13 16:59:00,767 - INFO - Mitarbeiterdaten erfolgreich geladen
2025-06-13 16:59:00,768 - INFO - Verfügbare Mitarbeiter: 6
2025-06-13 16:59:00,768 - INFO - Nächste Zuteilung: Dr. Lisa Müller (MA03) mit Score 0.70
2025-06-13 16:59:02,951 - INFO - Mitarbeiterdaten erfolgreich geladen
2025-06-13 16:59:02,952 - INFO - Mitarbeiterdaten erfolgreich geladen
2025-06-13 16:59:02,952 - INFO - Verfügbare Mitarbeiter: 6
2025-06-13 16:59:02,952 - INFO - Nächste Zuteilung: Dr. Anna Schmidt (MA01) mit Score 0.60
2025-06-13 16:59:02,983 - INFO - Mitarbeiterdaten erfolgreich geladen
2025-06-13 16:59:02,984 - INFO - Mitarbeiterdaten erfolgreich geladen
2025-06-13 16:59:02,985 - INFO - Verfügbare Mitarbeiter: 6
2025-06-13 16:59:02,985 - INFO - Nächste Zuteilung: Dr. Thomas Klein (MA04) mit Score 0.48
2025-06-13 16:59:04,590 - INFO - Mitarbeiterdaten erfolgreich geladen
2025-06-13 16:59:04,592 - INFO - Mitarbeiterdaten erfolgreich geladen
2025-06-13 16:59:04,592 - INFO - Verfügbare Mitarbeiter: 6
2025-06-13 16:59:04,593 - INFO - Nächste Zuteilung: Dr. Max Weber (MA02) mit Score 0.40
2025-06-13 16:59:04,635 - INFO - Mitarbeiterdaten erfolgreich geladen
2025-06-13 16:59:04,636 - INFO - Mitarbeiterdaten erfolgreich geladen
2025-06-13 16:59:04,637 - INFO - Verfügbare Mitarbeiter: 6
2025-06-13 16:59:04,637 - INFO - Alle Mitarbeiter wurden zugewiesen, Liste wird zurückgesetzt
2025-06-13 16:59:04,637 - INFO - Nächste Zuteilung: Clara Meyer (MA05) mit Score 0.80
2025-06-13 16:59:22,647 - INFO - Mitarbeiterdaten erfolgreich geladen
2025-06-13 16:59:22,650 - INFO - Mitarbeiterdaten erfolgreich geladen
2025-06-13 16:59:22,651 - INFO - Verfügbare Mitarbeiter: 6
2025-06-13 16:59:22,652 - INFO - Nächste Zuteilung: Clara Meyer (MA05) mit Score 0.80
2025-06-13 16:59:25,244 - INFO - Mitarbeiterdaten erfolgreich geladen
2025-06-13 16:59:25,246 - INFO - Mitarbeiterdaten erfolgreich geladen
2025-06-13 16:59:25,248 - INFO - Verfügbare Mitarbeiter: 6
2025-06-13 16:59:25,248 - INFO - Nächste Zuteilung: Dr. Lisa Müller (MA03) mit Score 0.70
2025-06-13 16:59:25,341 - INFO - Mitarbeiterdaten erfolgreich geladen
2025-06-13 16:59:25,343 - INFO - Mitarbeiterdaten erfolgreich geladen
2025-06-13 16:59:25,343 - INFO - Verfügbare Mitarbeiter: 6
2025-06-13 16:59:25,343 - INFO - Nächste Zuteilung: Dr. Anna Schmidt (MA01) mit Score 0.60
2025-06-13 16:59:28,427 - INFO - Mitarbeiterdaten erfolgreich geladen
2025-06-13 16:59:28,430 - INFO - Mitarbeiterdaten erfolgreich geladen
2025-06-13 16:59:28,431 - INFO - Verfügbare Mitarbeiter: 6
2025-06-13 16:59:28,431 - INFO - Nächste Zuteilung: Dr. Thomas Klein (MA04) mit Score 0.48
2025-06-13 16:59:28,472 - INFO - Mitarbeiterdaten erfolgreich geladen
2025-06-13 16:59:28,474 - INFO - Mitarbeiterdaten erfolgreich geladen
2025-06-13 16:59:28,474 - INFO - Verfügbare Mitarbeiter: 6
2025-06-13 16:59:28,474 - INFO - Alle Mitarbeiter wurden zugewiesen, Liste wird zurückgesetzt
2025-06-13 16:59:28,475 - INFO - Nächste Zuteilung: Clara Meyer (MA05) mit Score 0.80
2025-06-13 16:59:37,866 - INFO - Mitarbeiterdaten erfolgreich geladen
2025-06-13 16:59:37,867 - INFO - Mitarbeiterdaten erfolgreich geladen
2025-06-13 16:59:37,868 - INFO - Verfügbare Mitarbeiter: 6
2025-06-13 16:59:37,868 - INFO - Nächste Zuteilung: Clara Meyer (MA05) mit Score 0.80
2025-06-13 16:59:43,043 - INFO - Mitarbeiterdaten erfolgreich geladen
2025-06-13 16:59:43,046 - INFO - Mitarbeiterdaten erfolgreich geladen
2025-06-13 16:59:43,048 - INFO - Verfügbare Mitarbeiter: 6
2025-06-13 16:59:43,048 - INFO - Nächste Zuteilung: Dr. Lisa Müller (MA03) mit Score 0.70
2025-06-13 16:59:43,090 - INFO - Mitarbeiterdaten erfolgreich geladen
2025-06-13 16:59:43,092 - INFO - Mitarbeiterdaten erfolgreich geladen
2025-06-13 16:59:43,093 - INFO - Verfügbare Mitarbeiter: 6
2025-06-13 16:59:43,094 - INFO - Nächste Zuteilung: Dr. Anna Schmidt (MA01) mit Score 0.60
2025-06-13 16:59:45,679 - INFO - Mitarbeiterdaten erfolgreich geladen
2025-06-13 16:59:45,682 - INFO - Mitarbeiterdaten erfolgreich geladen
2025-06-13 16:59:45,683 - INFO - Verfügbare Mitarbeiter: 6
2025-06-13 16:59:45,684 - INFO - Nächste Zuteilung: Dr. Thomas Klein (MA04) mit Score 0.48
2025-06-13 16:59:45,734 - INFO - Mitarbeiterdaten erfolgreich geladen
2025-06-13 16:59:45,735 - INFO - Mitarbeiterdaten erfolgreich geladen
2025-06-13 16:59:45,736 - INFO - Verfügbare Mitarbeiter: 6
2025-06-13 16:59:45,736 - INFO - Alle Mitarbeiter wurden zugewiesen, Liste wird zurückgesetzt
2025-06-13 16:59:45,736 - INFO - Nächste Zuteilung: Clara Meyer (MA05) mit Score 0.80
2025-06-13 16:59:46,576 - INFO - Mitarbeiterdaten erfolgreich geladen
2025-06-13 16:59:46,579 - INFO - Mitarbeiterdaten erfolgreich geladen
2025-06-13 16:59:46,580 - INFO - Verfügbare Mitarbeiter: 6
2025-06-13 16:59:46,581 - INFO - Nächste Zuteilung: Dr. Lisa Müller (MA03) mit Score 0.70
2025-06-13 16:59:46,633 - INFO - Mitarbeiterdaten erfolgreich geladen
2025-06-13 16:59:46,635 - INFO - Mitarbeiterdaten erfolgreich geladen
2025-06-13 16:59:46,635 - INFO - Verfügbare Mitarbeiter: 6
2025-06-13 16:59:46,635 - INFO - Nächste Zuteilung: Dr. Anna Schmidt (MA01) mit Score 0.60
2025-06-13 16:59:47,534 - INFO - Mitarbeiterdaten erfolgreich geladen
2025-06-13 16:59:47,537 - INFO - Mitarbeiterdaten erfolgreich geladen
2025-06-13 16:59:47,539 - INFO - Verfügbare Mitarbeiter: 6
2025-06-13 16:59:47,540 - INFO - Nächste Zuteilung: Dr. Thomas Klein (MA04) mit Score 0.48
2025-06-13 16:59:47,589 - INFO - Mitarbeiterdaten erfolgreich geladen
2025-06-13 16:59:47,590 - INFO - Mitarbeiterdaten erfolgreich geladen
2025-06-13 16:59:47,591 - INFO - Verfügbare Mitarbeiter: 6
2025-06-13 16:59:47,591 - INFO - Alle Mitarbeiter wurden zugewiesen, Liste wird zurückgesetzt
2025-06-13 16:59:47,591 - INFO - Nächste Zuteilung: Clara Meyer (MA05) mit Score 0.80
2025-06-13 16:59:48,644 - INFO - Mitarbeiterdaten erfolgreich geladen
2025-06-13 16:59:48,646 - INFO - Mitarbeiterdaten erfolgreich geladen
2025-06-13 16:59:48,648 - INFO - Verfügbare Mitarbeiter: 6
2025-06-13 16:59:48,648 - INFO - Nächste Zuteilung: Dr. Lisa Müller (MA03) mit Score 0.70
2025-06-13 16:59:48,690 - INFO - Mitarbeiterdaten erfolgreich geladen
2025-06-13 16:59:48,692 - INFO - Mitarbeiterdaten erfolgreich geladen
2025-06-13 16:59:48,692 - INFO - Verfügbare Mitarbeiter: 6
2025-06-13 16:59:48,692 - INFO - Nächste Zuteilung: Dr. Anna Schmidt (MA01) mit Score 0.60
2025-06-13 16:59:49,778 - INFO - Mitarbeiterdaten erfolgreich geladen
2025-06-13 16:59:49,781 - INFO - Mitarbeiterdaten erfolgreich geladen
2025-06-13 16:59:49,782 - INFO - Verfügbare Mitarbeiter: 6
2025-06-13 16:59:49,783 - INFO - Nächste Zuteilung: Dr. Thomas Klein (MA04) mit Score 0.48
2025-06-13 16:59:49,829 - INFO - Mitarbeiterdaten erfolgreich geladen
2025-06-13 16:59:49,830 - INFO - Mitarbeiterdaten erfolgreich geladen
2025-06-13 16:59:49,831 - INFO - Verfügbare Mitarbeiter: 6
2025-06-13 16:59:49,831 - INFO - Alle Mitarbeiter wurden zugewiesen, Liste wird zurückgesetzt
2025-06-13 16:59:49,831 - INFO - Nächste Zuteilung: Clara Meyer (MA05) mit Score 0.80
2025-06-13 16:59:50,655 - INFO - Mitarbeiterdaten erfolgreich geladen
2025-06-13 16:59:50,657 - INFO - Mitarbeiterdaten erfolgreich geladen
2025-06-13 16:59:50,658 - INFO - Verfügbare Mitarbeiter: 6
2025-06-13 16:59:50,658 - INFO - Nächste Zuteilung: Dr. Lisa Müller (MA03) mit Score 0.70
2025-06-13 16:59:50,695 - INFO - Mitarbeiterdaten erfolgreich geladen
2025-06-13 16:59:50,696 - INFO - Mitarbeiterdaten erfolgreich geladen
2025-06-13 16:59:50,696 - INFO - Verfügbare Mitarbeiter: 6
2025-06-13 16:59:50,696 - INFO - Nächste Zuteilung: Dr. Anna Schmidt (MA01) mit Score 0.60
2025-06-13 16:59:54,314 - INFO - Mitarbeiterdaten erfolgreich geladen
2025-06-13 16:59:54,321 - INFO - Mitarbeiterdaten erfolgreich geladen
2025-06-13 16:59:54,322 - INFO - Verfügbare Mitarbeiter: 6
2025-06-13 16:59:58,058 - INFO - Mitarbeiterdaten erfolgreich geladen
2025-06-13 16:59:58,067 - INFO - Mitarbeiterdaten erfolgreich geladen
2025-06-13 16:59:58,068 - INFO - Verfügbare Mitarbeiter: 6
2025-06-13 16:59:58,948 - INFO - Mitarbeiterdaten erfolgreich geladen
2025-06-13 16:59:58,950 - INFO - Mitarbeiterdaten erfolgreich gespeichert
2025-06-13 16:59:58,950 - INFO - Status aktualisiert für Dr. Anna Schmidt: Wetter von Normal zu Normal, Regenschirm von nan zu True
2025-06-13 16:59:58,952 - INFO - Mitarbeiterdaten erfolgreich geladen
2025-06-13 16:59:58,952 - INFO - Verfügbare Mitarbeiter: 6
2025-06-13 17:00:01,863 - INFO - Mitarbeiterdaten erfolgreich geladen
2025-06-13 17:00:01,872 - INFO - Mitarbeiterdaten erfolgreich geladen
2025-06-13 17:00:01,873 - INFO - Verfügbare Mitarbeiter: 6
2025-06-13 17:00:03,320 - INFO - Mitarbeiterdaten erfolgreich geladen
2025-06-13 17:00:03,326 - INFO - Mitarbeiterdaten erfolgreich gespeichert
2025-06-13 17:00:03,326 - INFO - Status aktualisiert für Dr. Anna Schmidt: Wetter von Normal zu Eisschlecken, Regenschirm von nan zu True
2025-06-13 17:00:03,335 - INFO - Mitarbeiterdaten erfolgreich geladen
2025-06-13 17:00:03,337 - INFO - Verfügbare Mitarbeiter: 6
2025-06-13 17:00:07,712 - INFO - Mitarbeiterdaten erfolgreich geladen
2025-06-13 17:00:07,717 - INFO - Mitarbeiterdaten erfolgreich geladen
2025-06-13 17:00:07,718 - INFO - Verfügbare Mitarbeiter: 6
2025-06-13 17:00:07,719 - INFO - Nächste Zuteilung: Dr. Thomas Klein (MA04) mit Score 0.48
2025-06-13 17:00:09,884 - INFO - Mitarbeiterdaten erfolgreich geladen
2025-06-13 17:00:09,887 - INFO - Mitarbeiterdaten erfolgreich geladen
2025-06-13 17:00:09,888 - INFO - Verfügbare Mitarbeiter: 6
2025-06-13 17:00:09,889 - INFO - Nächste Zuteilung: Dr. Max Weber (MA02) mit Score 0.40
2025-06-13 17:00:09,935 - INFO - Mitarbeiterdaten erfolgreich geladen
2025-06-13 17:00:09,936 - INFO - Mitarbeiterdaten erfolgreich geladen
2025-06-13 17:00:09,937 - INFO - Verfügbare Mitarbeiter: 6
2025-06-13 17:00:09,937 - INFO - Alle Mitarbeiter wurden zugewiesen, Liste wird zurückgesetzt
2025-06-13 17:00:09,937 - INFO - Nächste Zuteilung: Clara Meyer (MA05) mit Score 0.80
2025-06-13 17:00:11,954 - INFO - Mitarbeiterdaten erfolgreich geladen
2025-06-13 17:00:11,958 - INFO - Mitarbeiterdaten erfolgreich geladen
2025-06-13 17:00:11,959 - INFO - Verfügbare Mitarbeiter: 6
2025-06-13 17:00:11,960 - INFO - Nächste Zuteilung: Dr. Lisa Müller (MA03) mit Score 0.70
2025-06-13 17:00:12,008 - INFO - Mitarbeiterdaten erfolgreich geladen
2025-06-13 17:00:12,009 - INFO - Mitarbeiterdaten erfolgreich geladen
2025-06-13 17:00:12,010 - INFO - Verfügbare Mitarbeiter: 6
2025-06-13 17:00:12,010 - INFO - Nächste Zuteilung: Dr. Anna Schmidt (MA01) mit Score 0.60
2025-06-13 17:00:12,849 - INFO - Mitarbeiterdaten erfolgreich geladen
2025-06-13 17:00:12,853 - INFO - Mitarbeiterdaten erfolgreich geladen
2025-06-13 17:00:12,854 - INFO - Verfügbare Mitarbeiter: 6
2025-06-13 17:00:12,855 - INFO - Nächste Zuteilung: Dr. Thomas Klein (MA04) mit Score 0.48
2025-06-13 17:00:12,903 - INFO - Mitarbeiterdaten erfolgreich geladen
2025-06-13 17:00:12,905 - INFO - Mitarbeiterdaten erfolgreich geladen
2025-06-13 17:00:12,906 - INFO - Verfügbare Mitarbeiter: 6
2025-06-13 17:00:12,906 - INFO - Alle Mitarbeiter wurden zugewiesen, Liste wird zurückgesetzt
2025-06-13 17:00:12,906 - INFO - Nächste Zuteilung: Clara Meyer (MA05) mit Score 0.80
2025-06-13 17:00:45,737 - INFO - Mitarbeiterdaten erfolgreich geladen
2025-06-13 17:00:45,741 - INFO - Mitarbeiterdaten erfolgreich geladen
2025-06-13 17:00:45,742 - INFO - Verfügbare Mitarbeiter: 6
2025-06-13 17:00:45,742 - INFO - Nächste Zuteilung: Dr. Lisa Müller (MA03) mit Score 0.70
2025-06-13 17:00:45,784 - INFO - Mitarbeiterdaten erfolgreich geladen
2025-06-13 17:00:45,786 - INFO - Mitarbeiterdaten erfolgreich geladen
2025-06-13 17:00:45,786 - INFO - Verfügbare Mitarbeiter: 6
2025-06-13 17:00:45,787 - INFO - Nächste Zuteilung: Dr. Anna Schmidt (MA01) mit Score 0.60
2025-06-13 17:00:47,136 - INFO - Mitarbeiterdaten erfolgreich geladen
2025-06-13 17:00:47,137 - INFO - Mitarbeiterdaten erfolgreich geladen
2025-06-13 17:00:47,138 - INFO - Verfügbare Mitarbeiter: 6
2025-06-13 17:00:47,138 - INFO - Nächste Zuteilung: Dr. Thomas Klein (MA04) mit Score 0.48
2025-06-13 17:00:47,194 - INFO - Mitarbeiterdaten erfolgreich geladen
2025-06-13 17:00:47,195 - INFO - Mitarbeiterdaten erfolgreich geladen
2025-06-13 17:00:47,196 - INFO - Verfügbare Mitarbeiter: 6
2025-06-13 17:00:47,196 - INFO - Alle Mitarbeiter wurden zugewiesen, Liste wird zurückgesetzt
2025-06-13 17:00:47,196 - INFO - Nächste Zuteilung: Clara Meyer (MA05) mit Score 0.80
2025-06-13 17:01:10,397 - INFO - Mitarbeiterdaten erfolgreich geladen
2025-06-13 17:01:10,399 - INFO - Mitarbeiterdaten erfolgreich geladen
2025-06-13 17:01:10,399 - INFO - Verfügbare Mitarbeiter: 6
2025-06-13 17:01:10,400 - INFO - Nächste Zuteilung: Clara Meyer (MA05) mit Score 0.80
2025-06-13 17:01:13,103 - INFO - Mitarbeiterdaten erfolgreich geladen
2025-06-13 17:01:13,106 - INFO - Mitarbeiterdaten erfolgreich geladen
2025-06-13 17:01:13,108 - INFO - Verfügbare Mitarbeiter: 6
2025-06-13 17:01:13,108 - INFO - Nächste Zuteilung: Dr. Lisa Müller (MA03) mit Score 0.70
2025-06-13 17:01:13,152 - INFO - Mitarbeiterdaten erfolgreich geladen
2025-06-13 17:01:13,153 - INFO - Mitarbeiterdaten erfolgreich geladen
2025-06-13 17:01:13,153 - INFO - Verfügbare Mitarbeiter: 6
2025-06-13 17:01:13,153 - INFO - Nächste Zuteilung: Dr. Anna Schmidt (MA01) mit Score 0.60
2025-06-13 17:01:14,159 - INFO - Mitarbeiterdaten erfolgreich geladen
2025-06-13 17:01:14,162 - INFO - Mitarbeiterdaten erfolgreich geladen
2025-06-13 17:01:14,163 - INFO - Verfügbare Mitarbeiter: 6
2025-06-13 17:01:14,164 - INFO - Nächste Zuteilung: Dr. Thomas Klein (MA04) mit Score 0.48
2025-06-13 17:01:14,212 - INFO - Mitarbeiterdaten erfolgreich geladen
2025-06-13 17:01:14,213 - INFO - Mitarbeiterdaten erfolgreich geladen
2025-06-13 17:01:14,214 - INFO - Verfügbare Mitarbeiter: 6
2025-06-13 17:01:14,214 - INFO - Alle Mitarbeiter wurden zugewiesen, Liste wird zurückgesetzt
2025-06-13 17:01:14,215 - INFO - Nächste Zuteilung: Clara Meyer (MA05) mit Score 0.80
2025-06-13 17:01:15,869 - INFO - Mitarbeiterdaten erfolgreich geladen
2025-06-13 17:01:15,872 - INFO - Mitarbeiterdaten erfolgreich geladen
2025-06-13 17:01:15,873 - INFO - Verfügbare Mitarbeiter: 6
2025-06-13 17:01:15,874 - INFO - Nächste Zuteilung: Dr. Lisa Müller (MA03) mit Score 0.70
2025-06-13 17:01:15,921 - INFO - Mitarbeiterdaten erfolgreich geladen
2025-06-13 17:01:15,922 - INFO - Mitarbeiterdaten erfolgreich geladen
2025-06-13 17:01:15,923 - INFO - Verfügbare Mitarbeiter: 6
2025-06-13 17:01:15,923 - INFO - Nächste Zuteilung: Dr. Anna Schmidt (MA01) mit Score 0.60
2025-06-13 17:01:17,076 - INFO - Mitarbeiterdaten erfolgreich geladen
2025-06-13 17:01:17,079 - INFO - Mitarbeiterdaten erfolgreich geladen
2025-06-13 17:01:17,080 - INFO - Verfügbare Mitarbeiter: 6
2025-06-13 17:01:17,081 - INFO - Nächste Zuteilung: Dr. Thomas Klein (MA04) mit Score 0.48
2025-06-13 17:01:17,123 - INFO - Mitarbeiterdaten erfolgreich geladen
2025-06-13 17:01:17,124 - INFO - Mitarbeiterdaten erfolgreich geladen
2025-06-13 17:01:17,125 - INFO - Verfügbare Mitarbeiter: 6
2025-06-13 17:01:17,125 - INFO - Alle Mitarbeiter wurden zugewiesen, Liste wird zurückgesetzt
2025-06-13 17:01:17,125 - INFO - Nächste Zuteilung: Clara Meyer (MA05) mit Score 0.80
2025-06-13 17:01:17,972 - INFO - Mitarbeiterdaten erfolgreich geladen
2025-06-13 17:01:17,976 - INFO - Mitarbeiterdaten erfolgreich geladen
2025-06-13 17:01:17,977 - INFO - Verfügbare Mitarbeiter: 6
2025-06-13 17:01:17,978 - INFO - Nächste Zuteilung: Dr. Lisa Müller (MA03) mit Score 0.70
2025-06-13 17:01:18,019 - INFO - Mitarbeiterdaten erfolgreich geladen
2025-06-13 17:01:18,020 - INFO - Mitarbeiterdaten erfolgreich geladen
2025-06-13 17:01:18,021 - INFO - Verfügbare Mitarbeiter: 6
2025-06-13 17:01:18,021 - INFO - Nächste Zuteilung: Dr. Anna Schmidt (MA01) mit Score 0.60
2025-06-13 17:01:19,117 - INFO - Mitarbeiterdaten erfolgreich geladen
2025-06-13 17:01:19,122 - INFO - Mitarbeiterdaten erfolgreich geladen
2025-06-13 17:01:19,124 - INFO - Verfügbare Mitarbeiter: 6
2025-06-13 17:01:19,125 - INFO - Nächste Zuteilung: Dr. Thomas Klein (MA04) mit Score 0.48
2025-06-13 17:01:19,177 - INFO - Mitarbeiterdaten erfolgreich geladen
2025-06-13 17:01:19,178 - INFO - Mitarbeiterdaten erfolgreich geladen
2025-06-13 17:01:19,178 - INFO - Verfügbare Mitarbeiter: 6
2025-06-13 17:01:19,178 - INFO - Alle Mitarbeiter wurden zugewiesen, Liste wird zurückgesetzt
2025-06-13 17:01:19,179 - INFO - Nächste Zuteilung: Clara Meyer (MA05) mit Score 0.80
2025-06-13 17:01:20,686 - INFO - Mitarbeiterdaten erfolgreich geladen
2025-06-13 17:01:20,690 - INFO - Mitarbeiterdaten erfolgreich geladen
2025-06-13 17:01:20,691 - INFO - Verfügbare Mitarbeiter: 6
2025-06-13 17:01:20,692 - INFO - Nächste Zuteilung: Dr. Lisa Müller (MA03) mit Score 0.70
2025-06-13 17:01:20,741 - INFO - Mitarbeiterdaten erfolgreich geladen
2025-06-13 17:01:20,742 - INFO - Mitarbeiterdaten erfolgreich geladen
2025-06-13 17:01:20,743 - INFO - Verfügbare Mitarbeiter: 6
2025-06-13 17:01:20,743 - INFO - Nächste Zuteilung: Dr. Anna Schmidt (MA01) mit Score 0.60
2025-06-13 17:01:22,146 - INFO - Mitarbeiterdaten erfolgreich geladen
2025-06-13 17:01:22,150 - INFO - Mitarbeiterdaten erfolgreich geladen
2025-06-13 17:01:22,151 - INFO - Verfügbare Mitarbeiter: 6
2025-06-13 17:01:22,152 - INFO - Nächste Zuteilung: Dr. Thomas Klein (MA04) mit Score 0.48
2025-06-13 17:01:22,200 - INFO - Mitarbeiterdaten erfolgreich geladen
2025-06-13 17:01:22,202 - INFO - Mitarbeiterdaten erfolgreich geladen
2025-06-13 17:01:22,202 - INFO - Verfügbare Mitarbeiter: 6
2025-06-13 17:01:22,202 - INFO - Alle Mitarbeiter wurden zugewiesen, Liste wird zurückgesetzt
2025-06-13 17:01:22,203 - INFO - Nächste Zuteilung: Clara Meyer (MA05) mit Score 0.80
2025-06-13 17:01:23,497 - INFO - Mitarbeiterdaten erfolgreich geladen
2025-06-13 17:01:23,501 - INFO - Mitarbeiterdaten erfolgreich geladen
2025-06-13 17:01:23,502 - INFO - Verfügbare Mitarbeiter: 6
2025-06-13 17:01:23,502 - INFO - Nächste Zuteilung: Dr. Lisa Müller (MA03) mit Score 0.70
2025-06-13 17:01:23,550 - INFO - Mitarbeiterdaten erfolgreich geladen
2025-06-13 17:01:23,552 - INFO - Mitarbeiterdaten erfolgreich geladen
2025-06-13 17:01:23,553 - INFO - Verfügbare Mitarbeiter: 6
2025-06-13 17:01:23,553 - INFO - Nächste Zuteilung: Dr. Anna Schmidt (MA01) mit Score 0.60
2025-06-13 17:01:24,347 - INFO - Mitarbeiterdaten erfolgreich geladen
2025-06-13 17:01:24,350 - INFO - Mitarbeiterdaten erfolgreich geladen
2025-06-13 17:01:24,351 - INFO - Verfügbare Mitarbeiter: 6
2025-06-13 17:01:24,352 - INFO - Nächste Zuteilung: Dr. Thomas Klein (MA04) mit Score 0.48
2025-06-13 17:01:24,399 - INFO - Mitarbeiterdaten erfolgreich geladen
2025-06-13 17:01:24,400 - INFO - Mitarbeiterdaten erfolgreich geladen
2025-06-13 17:01:24,401 - INFO - Verfügbare Mitarbeiter: 6
2025-06-13 17:01:24,401 - INFO - Alle Mitarbeiter wurden zugewiesen, Liste wird zurückgesetzt
2025-06-13 17:01:24,401 - INFO - Nächste Zuteilung: Clara Meyer (MA05) mit Score 0.80
2025-06-13 17:01:25,211 - INFO - Mitarbeiterdaten erfolgreich geladen
2025-06-13 17:01:25,214 - INFO - Mitarbeiterdaten erfolgreich geladen
2025-06-13 17:01:25,215 - INFO - Verfügbare Mitarbeiter: 6
2025-06-13 17:01:25,215 - INFO - Nächste Zuteilung: Dr. Lisa Müller (MA03) mit Score 0.70
2025-06-13 17:01:25,258 - INFO - Mitarbeiterdaten erfolgreich geladen
2025-06-13 17:01:25,259 - INFO - Mitarbeiterdaten erfolgreich geladen
2025-06-13 17:01:25,259 - INFO - Verfügbare Mitarbeiter: 6
2025-06-13 17:01:25,260 - INFO - Nächste Zuteilung: Dr. Anna Schmidt (MA01) mit Score 0.60
2025-06-13 17:01:25,866 - INFO - Mitarbeiterdaten erfolgreich geladen
2025-06-13 17:01:25,870 - INFO - Mitarbeiterdaten erfolgreich geladen
2025-06-13 17:01:25,871 - INFO - Verfügbare Mitarbeiter: 6
2025-06-13 17:01:25,872 - INFO - Nächste Zuteilung: Dr. Thomas Klein (MA04) mit Score 0.48
2025-06-13 17:01:25,917 - INFO - Mitarbeiterdaten erfolgreich geladen
2025-06-13 17:01:25,918 - INFO - Mitarbeiterdaten erfolgreich geladen
2025-06-13 17:01:25,918 - INFO - Verfügbare Mitarbeiter: 6
2025-06-13 17:01:25,919 - INFO - Alle Mitarbeiter wurden zugewiesen, Liste wird zurückgesetzt
2025-06-13 17:01:25,919 - INFO - Nächste Zuteilung: Clara Meyer (MA05) mit Score 0.80
2025-06-13 17:01:26,266 - INFO - Mitarbeiterdaten erfolgreich geladen
2025-06-13 17:01:26,269 - INFO - Mitarbeiterdaten erfolgreich geladen
2025-06-13 17:01:26,271 - INFO - Verfügbare Mitarbeiter: 6
2025-06-13 17:01:26,271 - INFO - Nächste Zuteilung: Dr. Lisa Müller (MA03) mit Score 0.70
2025-06-13 17:01:26,317 - INFO - Mitarbeiterdaten erfolgreich geladen
2025-06-13 17:01:26,318 - INFO - Mitarbeiterdaten erfolgreich geladen
2025-06-13 17:01:26,319 - INFO - Verfügbare Mitarbeiter: 6
2025-06-13 17:01:26,319 - INFO - Nächste Zuteilung: Dr. Anna Schmidt (MA01) mit Score 0.60
2025-06-13 17:01:26,518 - INFO - Mitarbeiterdaten erfolgreich geladen
2025-06-13 17:01:26,520 - INFO - Mitarbeiterdaten erfolgreich geladen
2025-06-13 17:01:26,521 - INFO - Verfügbare Mitarbeiter: 6
2025-06-13 17:01:26,521 - INFO - Nächste Zuteilung: Dr. Thomas Klein (MA04) mit Score 0.48
2025-06-13 17:01:26,559 - INFO - Mitarbeiterdaten erfolgreich geladen
2025-06-13 17:01:26,560 - INFO - Mitarbeiterdaten erfolgreich geladen
2025-06-13 17:01:26,560 - INFO - Verfügbare Mitarbeiter: 6
2025-06-13 17:01:26,560 - INFO - Alle Mitarbeiter wurden zugewiesen, Liste wird zurückgesetzt
2025-06-13 17:01:26,560 - INFO - Nächste Zuteilung: Clara Meyer (MA05) mit Score 0.80
2025-06-13 17:01:26,775 - INFO - Mitarbeiterdaten erfolgreich geladen
2025-06-13 17:01:26,777 - INFO - Mitarbeiterdaten erfolgreich geladen
2025-06-13 17:01:26,778 - INFO - Verfügbare Mitarbeiter: 6
2025-06-13 17:01:26,778 - INFO - Nächste Zuteilung: Dr. Lisa Müller (MA03) mit Score 0.70
2025-06-13 17:01:26,814 - INFO - Mitarbeiterdaten erfolgreich geladen
2025-06-13 17:01:26,816 - INFO - Mitarbeiterdaten erfolgreich geladen
2025-06-13 17:01:26,817 - INFO - Verfügbare Mitarbeiter: 6
2025-06-13 17:01:26,817 - INFO - Nächste Zuteilung: Dr. Anna Schmidt (MA01) mit Score 0.60
2025-06-13 17:01:26,991 - INFO - Mitarbeiterdaten erfolgreich geladen
2025-06-13 17:01:26,992 - INFO - Mitarbeiterdaten erfolgreich geladen
2025-06-13 17:01:26,993 - INFO - Verfügbare Mitarbeiter: 6
2025-06-13 17:01:26,993 - INFO - Nächste Zuteilung: Dr. Thomas Klein (MA04) mit Score 0.48
2025-06-13 17:01:27,026 - INFO - Mitarbeiterdaten erfolgreich geladen
2025-06-13 17:01:27,027 - INFO - Mitarbeiterdaten erfolgreich geladen
2025-06-13 17:01:27,028 - INFO - Verfügbare Mitarbeiter: 6
2025-06-13 17:01:27,028 - INFO - Alle Mitarbeiter wurden zugewiesen, Liste wird zurückgesetzt
2025-06-13 17:01:27,028 - INFO - Nächste Zuteilung: Clara Meyer (MA05) mit Score 0.80
2025-06-13 17:01:27,232 - INFO - Mitarbeiterdaten erfolgreich geladen
2025-06-13 17:01:27,235 - INFO - Mitarbeiterdaten erfolgreich geladen
2025-06-13 17:01:27,236 - INFO - Verfügbare Mitarbeiter: 6
2025-06-13 17:01:27,236 - INFO - Nächste Zuteilung: Dr. Lisa Müller (MA03) mit Score 0.70
2025-06-13 17:01:27,278 - INFO - Mitarbeiterdaten erfolgreich geladen
2025-06-13 17:01:27,280 - INFO - Mitarbeiterdaten erfolgreich geladen
2025-06-13 17:01:27,280 - INFO - Verfügbare Mitarbeiter: 6
2025-06-13 17:01:27,281 - INFO - Nächste Zuteilung: Dr. Anna Schmidt (MA01) mit Score 0.60
2025-06-13 17:01:27,481 - INFO - Mitarbeiterdaten erfolgreich geladen
2025-06-13 17:01:27,483 - INFO - Mitarbeiterdaten erfolgreich geladen
2025-06-13 17:01:27,483 - INFO - Verfügbare Mitarbeiter: 6
2025-06-13 17:01:27,484 - INFO - Nächste Zuteilung: Dr. Thomas Klein (MA04) mit Score 0.48
2025-06-13 17:01:27,522 - INFO - Mitarbeiterdaten erfolgreich geladen
2025-06-13 17:01:27,523 - INFO - Mitarbeiterdaten erfolgreich geladen
2025-06-13 17:01:27,524 - INFO - Verfügbare Mitarbeiter: 6
2025-06-13 17:01:27,524 - INFO - Alle Mitarbeiter wurden zugewiesen, Liste wird zurückgesetzt
2025-06-13 17:01:27,524 - INFO - Nächste Zuteilung: Clara Meyer (MA05) mit Score 0.80
2025-06-13 17:01:48,100 - INFO - Mitarbeiterdaten erfolgreich geladen
2025-06-13 17:01:48,103 - INFO - Mitarbeiterdaten erfolgreich geladen
2025-06-13 17:01:48,104 - INFO - Verfügbare Mitarbeiter: 6
2025-06-13 17:01:48,105 - INFO - Nächste Zuteilung: Dr. Lisa Müller (MA03) mit Score 0.70
2025-06-13 17:01:48,153 - INFO - Mitarbeiterdaten erfolgreich geladen
2025-06-13 17:01:48,155 - INFO - Mitarbeiterdaten erfolgreich geladen
2025-06-13 17:01:48,156 - INFO - Verfügbare Mitarbeiter: 6
2025-06-13 17:01:48,156 - INFO - Nächste Zuteilung: Dr. Anna Schmidt (MA01) mit Score 0.60
2025-06-13 17:01:51,376 - INFO - Mitarbeiterdaten erfolgreich geladen
2025-06-13 17:01:51,381 - INFO - Mitarbeiterdaten erfolgreich geladen
2025-06-13 17:01:51,382 - INFO - Verfügbare Mitarbeiter: 6
2025-06-13 17:01:51,383 - INFO - Nächste Zuteilung: Dr. Thomas Klein (MA04) mit Score 0.48
2025-06-13 17:01:51,432 - INFO - Mitarbeiterdaten erfolgreich geladen
2025-06-13 17:01:51,433 - INFO - Mitarbeiterdaten erfolgreich geladen
2025-06-13 17:01:51,434 - INFO - Verfügbare Mitarbeiter: 6
2025-06-13 17:01:51,434 - INFO - Alle Mitarbeiter wurden zugewiesen, Liste wird zurückgesetzt
2025-06-13 17:01:51,434 - INFO - Nächste Zuteilung: Clara Meyer (MA05) mit Score 0.80
2025-06-13 17:01:52,675 - INFO - Mitarbeiterdaten erfolgreich geladen
2025-06-13 17:01:52,678 - INFO - Mitarbeiterdaten erfolgreich geladen
2025-06-13 17:01:52,680 - INFO - Verfügbare Mitarbeiter: 6
2025-06-13 17:01:52,680 - INFO - Nächste Zuteilung: Dr. Lisa Müller (MA03) mit Score 0.70
2025-06-13 17:01:52,728 - INFO - Mitarbeiterdaten erfolgreich geladen
2025-06-13 17:01:52,729 - INFO - Mitarbeiterdaten erfolgreich geladen
2025-06-13 17:01:52,730 - INFO - Verfügbare Mitarbeiter: 6
2025-06-13 17:01:52,730 - INFO - Nächste Zuteilung: Dr. Anna Schmidt (MA01) mit Score 0.60
2025-06-13 17:01:55,560 - INFO - Mitarbeiterdaten erfolgreich geladen
2025-06-13 17:01:55,563 - INFO - Mitarbeiterdaten erfolgreich geladen
2025-06-13 17:01:55,565 - INFO - Verfügbare Mitarbeiter: 6
2025-06-13 17:01:55,565 - INFO - Nächste Zuteilung: Dr. Thomas Klein (MA04) mit Score 0.48
2025-06-13 17:01:59,696 - INFO - Mitarbeiterdaten erfolgreich geladen
2025-06-13 17:01:59,704 - INFO - Mitarbeiterdaten erfolgreich geladen
2025-06-13 17:01:59,706 - INFO - Verfügbare Mitarbeiter: 6
2025-06-13 17:02:01,652 - INFO - Mitarbeiterdaten erfolgreich geladen
2025-06-13 17:02:01,661 - INFO - Mitarbeiterdaten erfolgreich geladen
2025-06-13 17:02:01,663 - INFO - Verfügbare Mitarbeiter: 6
2025-06-13 17:02:02,242 - INFO - Mitarbeiterdaten erfolgreich geladen
2025-06-13 17:02:02,247 - INFO - Mitarbeiterdaten erfolgreich gespeichert
2025-06-13 17:02:02,248 - INFO - Status aktualisiert für Dr. Anna Schmidt: Wetter von Eisschlecken zu Normal, Regenschirm von nan zu True
2025-06-13 17:02:02,256 - INFO - Mitarbeiterdaten erfolgreich geladen
2025-06-13 17:02:02,258 - INFO - Verfügbare Mitarbeiter: 6
2025-06-13 17:02:03,656 - INFO - Mitarbeiterdaten erfolgreich geladen
2025-06-13 17:02:03,665 - INFO - Mitarbeiterdaten erfolgreich geladen
2025-06-13 17:02:03,667 - INFO - Verfügbare Mitarbeiter: 6
2025-06-13 17:02:28,274 - INFO - Mitarbeiterdaten erfolgreich geladen
2025-06-13 17:02:28,282 - INFO - Mitarbeiterdaten erfolgreich geladen
2025-06-13 17:02:28,283 - INFO - Verfügbare Mitarbeiter: 6
2025-06-13 17:02:29,336 - INFO - Mitarbeiterdaten erfolgreich geladen
2025-06-13 17:02:29,338 - INFO - Mitarbeiterdaten erfolgreich gespeichert
2025-06-13 17:02:29,338 - INFO - Status aktualisiert für Dr. Anna Schmidt: Wetter von Normal zu Normal, Regenschirm von nan zu True
2025-06-13 17:02:29,341 - INFO - Mitarbeiterdaten erfolgreich geladen
2025-06-13 17:02:29,341 - INFO - Verfügbare Mitarbeiter: 6
2025-06-13 17:03:00,570 - INFO - Mitarbeiterdaten erfolgreich geladen
2025-06-13 17:03:00,574 - INFO - Mitarbeiterdaten erfolgreich geladen
2025-06-13 17:03:00,575 - INFO - Verfügbare Mitarbeiter: 6
2025-06-13 17:03:00,576 - INFO - Nächste Zuteilung: Dr. Max Weber (MA02) mit Score 0.40
2025-06-13 17:03:02,403 - INFO - Mitarbeiterdaten erfolgreich geladen
2025-06-13 17:03:02,407 - INFO - Mitarbeiterdaten erfolgreich geladen
2025-06-13 17:03:02,408 - INFO - Verfügbare Mitarbeiter: 6
2025-06-13 17:03:02,408 - INFO - Alle Mitarbeiter wurden zugewiesen, Liste wird zurückgesetzt
2025-06-13 17:03:02,409 - INFO - Nächste Zuteilung: Clara Meyer (MA05) mit Score 0.80
2025-06-13 17:03:02,457 - INFO - Mitarbeiterdaten erfolgreich geladen
2025-06-13 17:03:02,458 - INFO - Mitarbeiterdaten erfolgreich geladen
2025-06-13 17:03:02,459 - INFO - Verfügbare Mitarbeiter: 6
2025-06-13 17:03:02,459 - INFO - Nächste Zuteilung: Dr. Lisa Müller (MA03) mit Score 0.70
2025-06-13 17:03:03,030 - INFO - Mitarbeiterdaten erfolgreich geladen
2025-06-13 17:03:03,033 - INFO - Mitarbeiterdaten erfolgreich geladen
2025-06-13 17:03:03,035 - INFO - Verfügbare Mitarbeiter: 6
2025-06-13 17:03:03,035 - INFO - Nächste Zuteilung: Dr. Anna Schmidt (MA01) mit Score 0.60
2025-06-13 17:03:03,083 - INFO - Mitarbeiterdaten erfolgreich geladen
2025-06-13 17:03:03,084 - INFO - Mitarbeiterdaten erfolgreich geladen
2025-06-13 17:03:03,085 - INFO - Verfügbare Mitarbeiter: 6
2025-06-13 17:03:03,085 - INFO - Nächste Zuteilung: Dr. Thomas Klein (MA04) mit Score 0.48
2025-06-13 17:03:03,938 - INFO - Mitarbeiterdaten erfolgreich geladen
2025-06-13 17:03:03,941 - INFO - Mitarbeiterdaten erfolgreich geladen
2025-06-13 17:03:03,942 - INFO - Verfügbare Mitarbeiter: 6
2025-06-13 17:03:03,943 - INFO - Alle Mitarbeiter wurden zugewiesen, Liste wird zurückgesetzt
2025-06-13 17:03:03,944 - INFO - Nächste Zuteilung: Clara Meyer (MA05) mit Score 0.80
2025-06-13 17:03:03,991 - INFO - Mitarbeiterdaten erfolgreich geladen
2025-06-13 17:03:03,992 - INFO - Mitarbeiterdaten erfolgreich geladen
2025-06-13 17:03:03,993 - INFO - Verfügbare Mitarbeiter: 6
2025-06-13 17:03:03,993 - INFO - Nächste Zuteilung: Dr. Lisa Müller (MA03) mit Score 0.70
2025-06-13 17:03:04,653 - INFO - Mitarbeiterdaten erfolgreich geladen
2025-06-13 17:03:04,657 - INFO - Mitarbeiterdaten erfolgreich geladen
2025-06-13 17:03:04,658 - INFO - Verfügbare Mitarbeiter: 6
2025-06-13 17:03:04,659 - INFO - Nächste Zuteilung: Dr. Anna Schmidt (MA01) mit Score 0.60
2025-06-13 17:03:04,704 - INFO - Mitarbeiterdaten erfolgreich geladen
2025-06-13 17:03:04,706 - INFO - Mitarbeiterdaten erfolgreich geladen
2025-06-13 17:03:04,706 - INFO - Verfügbare Mitarbeiter: 6
2025-06-13 17:03:04,707 - INFO - Nächste Zuteilung: Dr. Thomas Klein (MA04) mit Score 0.48
